# JRE version: Java(TM) SE Runtime Environment (8.0_60-b27) (build 1.8.0_60-b27)
# Java VM: Java HotSpot(TM) 64-Bit Server VM (25.60-b23 mixed mode windows-amd64 compressed oops)
Heap:
 PSYoungGen      total 160768K, used 75560K [0x00000000f5580000, 0x0000000100000000, 0x0000000100000000)
  eden space 146944K, 42% used [0x00000000f5580000,0x00000000f91cd378,0x00000000fe500000)
  from space 13824K, 99% used [0x00000000fe500000,0x00000000ff27d020,0x00000000ff280000)
  to   space 13824K, 0% used [0x00000000ff280000,0x00000000ff280000,0x0000000100000000)
 ParOldGen       total 154112K, used 61792K [0x00000000e0000000, 0x00000000e9680000, 0x00000000f5580000)
  object space 154112K, 40% used [0x00000000e0000000,0x00000000e3c58388,0x00000000e9680000)
 Metaspace       used 59173K, capacity 66718K, committed 66944K, reserved 1107968K
  class space    used 7089K, capacity 9261K, committed 9344K, reserved 1048576K
GC Heap History (10 events):
Event: 14.115 GC heap before
{Heap before GC invocations=18 (full 3):
 PSYoungGen      total 160256K, used 147968K [0x00000000f5580000, 0x00000000fff00000, 0x0000000100000000)
  eden space 147968K, 100% used [0x00000000f5580000,0x00000000fe600000,0x00000000fe600000)
  from space 12288K, 0% used [0x00000000ff300000,0x00000000ff300000,0x00000000fff00000)
  to   space 12800K, 0% used [0x00000000fe600000,0x00000000fe600000,0x00000000ff280000)
 ParOldGen       total 154112K, used 60984K [0x00000000e0000000, 0x00000000e9680000, 0x00000000f5580000)
  object space 154112K, 39% used [0x00000000e0000000,0x00000000e3b8e388,0x00000000e9680000)
 Metaspace       used 49490K, capacity 55384K, committed 55552K, reserved 1097728K
  class space    used 6093K, capacity 7905K, committed 7936K, reserved 1048576K
Event: 14.123 GC heap after
Heap after GC invocations=18 (full 3):
 PSYoungGen      total 160768K, used 4372K [0x00000000f5580000, 0x0000000100000000, 0x0000000100000000)
  eden space 147968K, 0% used [0x00000000f5580000,0x00000000f5580000,0x00000000fe600000)
  from space 12800K, 34% used [0x00000000fe600000,0x00000000fea45270,0x00000000ff280000)
  to   space 12800K, 0% used [0x00000000ff380000,0x00000000ff380000,0x0000000100000000)
 ParOldGen       total 154112K, used 60992K [0x00000000e0000000, 0x00000000e9680000, 0x00000000f5580000)
  object space 154112K, 39% used [0x00000000e0000000,0x00000000e3b90388,0x00000000e9680000)
 Metaspace       used 49490K, capacity 55384K, committed 55552K, reserved 1097728K
  class space    used 6093K, capacity 7905K, committed 7936K, reserved 1048576K
}
Event: 15.109 GC heap before
{Heap before GC invocations=19 (full 3):
 PSYoungGen      total 160768K, used 152340K [0x00000000f5580000, 0x0000000100000000, 0x0000000100000000)
  eden space 147968K, 100% used [0x00000000f5580000,0x00000000fe600000,0x00000000fe600000)
  from space 12800K, 34% used [0x00000000fe600000,0x00000000fea45270,0x00000000ff280000)
  to   space 12800K, 0% used [0x00000000ff380000,0x00000000ff380000,0x0000000100000000)
 ParOldGen       total 154112K, used 60992K [0x00000000e0000000, 0x00000000e9680000, 0x00000000f5580000)
  object space 154112K, 39% used [0x00000000e0000000,0x00000000e3b90388,0x00000000e9680000)
 Metaspace       used 53474K, capacity 59906K, committed 60032K, reserved 1101824K
  class space    used 6552K, capacity 8554K, committed 8576K, reserved 1048576K
Event: 15.122 GC heap after
Heap after GC invocations=19 (full 3):
 PSYoungGen      total 161792K, used 7902K [0x00000000f5580000, 0x0000000100000000, 0x0000000100000000)
  eden space 148992K, 0% used [0x00000000f5580000,0x00000000f5580000,0x00000000fe700000)
  from space 12800K, 61% used [0x00000000ff380000,0x00000000ffb37b40,0x0000000100000000)
  to   space 12800K, 0% used [0x00000000fe700000,0x00000000fe700000,0x00000000ff380000)
 ParOldGen       total 154112K, used 61000K [0x00000000e0000000, 0x00000000e9680000, 0x00000000f5580000)
  object space 154112K, 39% used [0x00000000e0000000,0x00000000e3b92388,0x00000000e9680000)
 Metaspace       used 53474K, capacity 59906K, committed 60032K, reserved 1101824K
  class space    used 6552K, capacity 8554K, committed 8576K, reserved 1048576K
}
Event: 15.853 GC heap before
{Heap before GC invocations=20 (full 3):
 PSYoungGen      total 161792K, used 156894K [0x00000000f5580000, 0x0000000100000000, 0x0000000100000000)
  eden space 148992K, 100% used [0x00000000f5580000,0x00000000fe700000,0x00000000fe700000)
  from space 12800K, 61% used [0x00000000ff380000,0x00000000ffb37b40,0x0000000100000000)
  to   space 12800K, 0% used [0x00000000fe700000,0x00000000fe700000,0x00000000ff380000)
 ParOldGen       total 154112K, used 61000K [0x00000000e0000000, 0x00000000e9680000, 0x00000000f5580000)
  object space 154112K, 39% used [0x00000000e0000000,0x00000000e3b92388,0x00000000e9680000)
 Metaspace       used 56252K, capacity 63004K, committed 63232K, reserved 1103872K
  class space    used 6821K, capacity 8885K, committed 8960K, reserved 1048576K
Event: 15.865 GC heap after
Heap after GC invocations=20 (full 3):
 PSYoungGen      total 161792K, used 8497K [0x00000000f5580000, 0x0000000100000000, 0x0000000100000000)
  eden space 148992K, 0% used [0x00000000f5580000,0x00000000f5580000,0x00000000fe700000)
  from space 12800K, 66% used [0x00000000fe700000,0x00000000fef4c5c8,0x00000000ff380000)
  to   space 12800K, 0% used [0x00000000ff380000,0x00000000ff380000,0x0000000100000000)
 ParOldGen       total 154112K, used 61000K [0x00000000e0000000, 0x00000000e9680000, 0x00000000f5580000)
  object space 154112K, 39% used [0x00000000e0000000,0x00000000e3b92388,0x00000000e9680000)
 Metaspace       used 56252K, capacity 63004K, committed 63232K, reserved 1103872K
  class space    used 6821K, capacity 8885K, committed 8960K, reserved 1048576K
}
Event: 16.832 GC heap before
{Heap before GC invocations=21 (full 3):
 PSYoungGen      total 161792K, used 157489K [0x00000000f5580000, 0x0000000100000000, 0x0000000100000000)
  eden space 148992K, 100% used [0x00000000f5580000,0x00000000fe700000,0x00000000fe700000)
  from space 12800K, 66% used [0x00000000fe700000,0x00000000fef4c5c8,0x00000000ff380000)
  to   space 12800K, 0% used [0x00000000ff380000,0x00000000ff380000,0x0000000100000000)
 ParOldGen       total 154112K, used 61000K [0x00000000e0000000, 0x00000000e9680000, 0x00000000f5580000)
  object space 154112K, 39% used [0x00000000e0000000,0x00000000e3b92388,0x00000000e9680000)
 Metaspace       used 58734K, capacity 65842K, committed 66048K, reserved 1105920K
  class space    used 7066K, capacity 9205K, committed 9216K, reserved 1048576K
Event: 16.872 GC heap after
Heap after GC invocations=21 (full 3):
 PSYoungGen      total 159744K, used 12449K [0x00000000f5580000, 0x0000000100000000, 0x0000000100000000)
  eden space 146944K, 0% used [0x00000000f5580000,0x00000000f5580000,0x00000000fe500000)
  from space 12800K, 97% used [0x00000000ff380000,0x00000000fffa8770,0x0000000100000000)
  to   space 13824K, 0% used [0x00000000fe500000,0x00000000fe500000,0x00000000ff280000)
 ParOldGen       total 154112K, used 61000K [0x00000000e0000000, 0x00000000e9680000, 0x00000000f5580000)
  object space 154112K, 39% used [0x00000000e0000000,0x00000000e3b92388,0x00000000e9680000)
 Metaspace       used 58734K, capacity 65842K, committed 66048K, reserved 1105920K
  class space    used 7066K, capacity 9205K, committed 9216K, reserved 1048576K
}
Event: 17.667 GC heap before
{Heap before GC invocations=22 (full 3):
 PSYoungGen      total 159744K, used 159393K [0x00000000f5580000, 0x0000000100000000, 0x0000000100000000)
  eden space 146944K, 100% used [0x00000000f5580000,0x00000000fe500000,0x00000000fe500000)
  from space 12800K, 97% used [0x00000000ff380000,0x00000000fffa8770,0x0000000100000000)
  to   space 13824K, 0% used [0x00000000fe500000,0x00000000fe500000,0x00000000ff280000)
 ParOldGen       total 154112K, used 61000K [0x00000000e0000000, 0x00000000e9680000, 0x00000000f5580000)
  object space 154112K, 39% used [0x00000000e0000000,0x00000000e3b92388,0x00000000e9680000)
 Metaspace       used 59115K, capacity 66614K, committed 66944K, reserved 1107968K
  class space    used 7085K, capacity 9257K, committed 9344K, reserved 1048576K
Event: 17.697 GC heap after
Heap after GC invocations=22 (full 3):
 PSYoungGen      total 160768K, used 13812K [0x00000000f5580000, 0x0000000100000000, 0x0000000100000000)
  eden space 146944K, 0% used [0x00000000f5580000,0x00000000f5580000,0x00000000fe500000)
  from space 13824K, 99% used [0x00000000fe500000,0x00000000ff27d020,0x00000000ff280000)
  to   space 13824K, 0% used [0x00000000ff280000,0x00000000ff280000,0x0000000100000000)
 ParOldGen       total 154112K, used 61792K [0x00000000e0000000, 0x00000000e9680000, 0x00000000f5580000)
  object space 154112K, 40% used [0x00000000e0000000,0x00000000e3c58388,0x00000000e9680000)
 Metaspace       used 59115K, capacity 66614K, committed 66944K, reserved 1107968K
  class space    used 7085K, capacity 9257K, committed 9344K, reserved 1048576K
}

