# JRE version: Java(TM) SE Runtime Environment (8.0_60-b27) (build 1.8.0_60-b27)
# Java VM: Java HotSpot(TM) 64-Bit Server VM (25.60-b23 mixed mode windows-amd64 compressed oops)
Heap:
 PSYoungGen      total 151040K, used 82634K [0x00000000f5580000, 0x0000000100000000, 0x0000000100000000)
  eden space 136704K, 49% used [0x00000000f5580000,0x00000000f9834cc0,0x00000000fdb00000)
  from space 14336K, 99% used [0x00000000ff200000,0x00000000ffffdbb0,0x0000000100000000)
  to   space 18944K, 0% used [0x00000000fdb00000,0x00000000fdb00000,0x00000000fed80000)
 ParOldGen       total 163840K, used 64983K [0x00000000e0000000, 0x00000000ea000000, 0x00000000f5580000)
  object space 163840K, 39% used [0x00000000e0000000,0x00000000e3f75e38,0x00000000ea000000)
 Metaspace       used 59448K, capacity 67119K, committed 67200K, reserved 1107968K
  class space    used 7109K, capacity 9318K, committed 9344K, reserved 1048576K
GC Heap History (10 events):
Event: 13.671 GC heap before
{Heap before GC invocations=19 (full 3):
 PSYoungGen      total 160256K, used 151634K [0x00000000f5580000, 0x0000000100000000, 0x0000000100000000)
  eden space 146944K, 100% used [0x00000000f5580000,0x00000000fe500000,0x00000000fe500000)
  from space 13312K, 35% used [0x00000000fe500000,0x00000000fe994ba0,0x00000000ff200000)
  to   space 13312K, 0% used [0x00000000ff300000,0x00000000ff300000,0x0000000100000000)
 ParOldGen       total 163840K, used 61284K [0x00000000e0000000, 0x00000000ea000000, 0x00000000f5580000)
  object space 163840K, 37% used [0x00000000e0000000,0x00000000e3bd90b0,0x00000000ea000000)
 Metaspace       used 53826K, capacity 60225K, committed 60288K, reserved 1101824K
  class space    used 6575K, capacity 8554K, committed 8576K, reserved 1048576K
Event: 13.681 GC heap after
Heap after GC invocations=19 (full 3):
 PSYoungGen      total 161280K, used 8185K [0x00000000f5580000, 0x0000000100000000, 0x0000000100000000)
  eden space 147968K, 0% used [0x00000000f5580000,0x00000000f5580000,0x00000000fe600000)
  from space 13312K, 61% used [0x00000000ff300000,0x00000000ffafe770,0x0000000100000000)
  to   space 13312K, 0% used [0x00000000fe600000,0x00000000fe600000,0x00000000ff300000)
 ParOldGen       total 163840K, used 61292K [0x00000000e0000000, 0x00000000ea000000, 0x00000000f5580000)
  object space 163840K, 37% used [0x00000000e0000000,0x00000000e3bdb0b0,0x00000000ea000000)
 Metaspace       used 53826K, capacity 60225K, committed 60288K, reserved 1101824K
  class space    used 6575K, capacity 8554K, committed 8576K, reserved 1048576K
}
Event: 14.330 GC heap before
{Heap before GC invocations=20 (full 3):
 PSYoungGen      total 161280K, used 156153K [0x00000000f5580000, 0x0000000100000000, 0x0000000100000000)
  eden space 147968K, 100% used [0x00000000f5580000,0x00000000fe600000,0x00000000fe600000)
  from space 13312K, 61% used [0x00000000ff300000,0x00000000ffafe770,0x0000000100000000)
  to   space 13312K, 0% used [0x00000000fe600000,0x00000000fe600000,0x00000000ff300000)
 ParOldGen       total 163840K, used 61292K [0x00000000e0000000, 0x00000000ea000000, 0x00000000f5580000)
  object space 163840K, 37% used [0x00000000e0000000,0x00000000e3bdb0b0,0x00000000ea000000)
 Metaspace       used 56551K, capacity 63303K, committed 63488K, reserved 1103872K
  class space    used 6861K, capacity 8919K, committed 8960K, reserved 1048576K
Event: 14.357 GC heap after
Heap after GC invocations=20 (full 3):
 PSYoungGen      total 161280K, used 8875K [0x00000000f5580000, 0x0000000100000000, 0x0000000100000000)
  eden space 147968K, 0% used [0x00000000f5580000,0x00000000f5580000,0x00000000fe600000)
  from space 13312K, 66% used [0x00000000fe600000,0x00000000feeaae28,0x00000000ff300000)
  to   space 13312K, 0% used [0x00000000ff300000,0x00000000ff300000,0x0000000100000000)
 ParOldGen       total 163840K, used 61300K [0x00000000e0000000, 0x00000000ea000000, 0x00000000f5580000)
  object space 163840K, 37% used [0x00000000e0000000,0x00000000e3bdd0b0,0x00000000ea000000)
 Metaspace       used 56551K, capacity 63303K, committed 63488K, reserved 1103872K
  class space    used 6861K, capacity 8919K, committed 8960K, reserved 1048576K
}
Event: 15.214 GC heap before
{Heap before GC invocations=21 (full 3):
 PSYoungGen      total 161280K, used 156843K [0x00000000f5580000, 0x0000000100000000, 0x0000000100000000)
  eden space 147968K, 100% used [0x00000000f5580000,0x00000000fe600000,0x00000000fe600000)
  from space 13312K, 66% used [0x00000000fe600000,0x00000000feeaae28,0x00000000ff300000)
  to   space 13312K, 0% used [0x00000000ff300000,0x00000000ff300000,0x0000000100000000)
 ParOldGen       total 163840K, used 61300K [0x00000000e0000000, 0x00000000ea000000, 0x00000000f5580000)
  object space 163840K, 37% used [0x00000000e0000000,0x00000000e3bdd0b0,0x00000000ea000000)
 Metaspace       used 58779K, capacity 65925K, committed 66048K, reserved 1105920K
  class space    used 7068K, capacity 9211K, committed 9216K, reserved 1048576K
Event: 15.235 GC heap after
Heap after GC invocations=21 (full 3):
 PSYoungGen      total 159232K, used 11873K [0x00000000f5580000, 0x0000000100000000, 0x0000000100000000)
  eden space 145920K, 0% used [0x00000000f5580000,0x00000000f5580000,0x00000000fe400000)
  from space 13312K, 89% used [0x00000000ff300000,0x00000000ffe98768,0x0000000100000000)
  to   space 14336K, 0% used [0x00000000fe400000,0x00000000fe400000,0x00000000ff200000)
 ParOldGen       total 163840K, used 61308K [0x00000000e0000000, 0x00000000ea000000, 0x00000000f5580000)
  object space 163840K, 37% used [0x00000000e0000000,0x00000000e3bdf0b0,0x00000000ea000000)
 Metaspace       used 58779K, capacity 65925K, committed 66048K, reserved 1105920K
  class space    used 7068K, capacity 9211K, committed 9216K, reserved 1048576K
}
Event: 15.803 GC heap before
{Heap before GC invocations=22 (full 3):
 PSYoungGen      total 159232K, used 157793K [0x00000000f5580000, 0x0000000100000000, 0x0000000100000000)
  eden space 145920K, 100% used [0x00000000f5580000,0x00000000fe400000,0x00000000fe400000)
  from space 13312K, 89% used [0x00000000ff300000,0x00000000ffe98768,0x0000000100000000)
  to   space 14336K, 0% used [0x00000000fe400000,0x00000000fe400000,0x00000000ff200000)
 ParOldGen       total 163840K, used 61308K [0x00000000e0000000, 0x00000000ea000000, 0x00000000f5580000)
  object space 163840K, 37% used [0x00000000e0000000,0x00000000e3bdf0b0,0x00000000ea000000)
 Metaspace       used 59089K, capacity 66561K, committed 66688K, reserved 1105920K
  class space    used 7083K, capacity 9257K, committed 9344K, reserved 1048576K
Event: 15.817 GC heap after
Heap after GC invocations=22 (full 3):
 PSYoungGen      total 160256K, used 14326K [0x00000000f5580000, 0x0000000100000000, 0x0000000100000000)
  eden space 145920K, 0% used [0x00000000f5580000,0x00000000f5580000,0x00000000fe400000)
  from space 14336K, 99% used [0x00000000fe400000,0x00000000ff1fdbb0,0x00000000ff200000)
  to   space 14336K, 0% used [0x00000000ff200000,0x00000000ff200000,0x0000000100000000)
 ParOldGen       total 163840K, used 61332K [0x00000000e0000000, 0x00000000ea000000, 0x00000000f5580000)
  object space 163840K, 37% used [0x00000000e0000000,0x00000000e3be50b0,0x00000000ea000000)
 Metaspace       used 59089K, capacity 66561K, committed 66688K, reserved 1105920K
  class space    used 7083K, capacity 9257K, committed 9344K, reserved 1048576K
}
Event: 16.381 GC heap before
{Heap before GC invocations=23 (full 3):
 PSYoungGen      total 160256K, used 160246K [0x00000000f5580000, 0x0000000100000000, 0x0000000100000000)
  eden space 145920K, 100% used [0x00000000f5580000,0x00000000fe400000,0x00000000fe400000)
  from space 14336K, 99% used [0x00000000fe400000,0x00000000ff1fdbb0,0x00000000ff200000)
  to   space 14336K, 0% used [0x00000000ff200000,0x00000000ff200000,0x0000000100000000)
 ParOldGen       total 163840K, used 61332K [0x00000000e0000000, 0x00000000ea000000, 0x00000000f5580000)
  object space 163840K, 37% used [0x00000000e0000000,0x00000000e3be50b0,0x00000000ea000000)
 Metaspace       used 59235K, capacity 66813K, committed 66944K, reserved 1107968K
  class space    used 7093K, capacity 9273K, committed 9344K, reserved 1048576K
Event: 16.398 GC heap after
Heap after GC invocations=23 (full 3):
 PSYoungGen      total 151040K, used 14326K [0x00000000f5580000, 0x0000000100000000, 0x0000000100000000)
  eden space 136704K, 0% used [0x00000000f5580000,0x00000000f5580000,0x00000000fdb00000)
  from space 14336K, 99% used [0x00000000ff200000,0x00000000ffffdbb0,0x0000000100000000)
  to   space 18944K, 0% used [0x00000000fdb00000,0x00000000fdb00000,0x00000000fed80000)
 ParOldGen       total 163840K, used 64983K [0x00000000e0000000, 0x00000000ea000000, 0x00000000f5580000)
  object space 163840K, 39% used [0x00000000e0000000,0x00000000e3f75e38,0x00000000ea000000)
 Metaspace       used 59235K, capacity 66813K, committed 66944K, reserved 1107968K
  class space    used 7093K, capacity 9273K, committed 9344K, reserved 1048576K
}

