# JRE version: Java(TM) SE Runtime Environment (8.0_60-b27) (build 1.8.0_60-b27)
# Java VM: Java HotSpot(TM) 64-Bit Server VM (25.60-b23 mixed mode windows-amd64 compressed oops)
Heap:
 PSYoungGen      total 161280K, used 153087K [0x00000000f5580000, 0x0000000100000000, 0x0000000100000000)
  eden space 150016K, 95% used [0x00000000f5580000,0x00000000fe143d90,0x00000000fe800000)
  from space 11264K, 88% used [0x00000000ff480000,0x00000000ffe3c208,0x00000000fff80000)
  to   space 12288K, 0% used [0x00000000fe800000,0x00000000fe800000,0x00000000ff400000)
 ParOldGen       total 151552K, used 64349K [0x00000000e0000000, 0x00000000e9400000, 0x00000000f5580000)
  object space 151552K, 42% used [0x00000000e0000000,0x00000000e3ed7650,0x00000000e9400000)
 Metaspace       used 59348K, capacity 67062K, committed 67200K, reserved 1107968K
  class space    used 7241K, capacity 9502K, committed 9600K, reserved 1048576K
GC Heap History (10 events):
Event: 40.469 GC heap before
{Heap before GC invocations=19 (full 3):
 PSYoungGen      total 159744K, used 146944K [0x00000000f5580000, 0x0000000100000000, 0x0000000100000000)
  eden space 146944K, 100% used [0x00000000f5580000,0x00000000fe500000,0x00000000fe500000)
  from space 12800K, 0% used [0x00000000fe500000,0x00000000fe500000,0x00000000ff180000)
  to   space 12800K, 0% used [0x00000000ff380000,0x00000000ff380000,0x0000000100000000)
 ParOldGen       total 151552K, used 61086K [0x00000000e0000000, 0x00000000e9400000, 0x00000000f5580000)
  object space 151552K, 40% used [0x00000000e0000000,0x00000000e3ba7858,0x00000000e9400000)
 Metaspace       used 49612K, capacity 55504K, committed 55552K, reserved 1097728K
  class space    used 6102K, capacity 7919K, committed 7936K, reserved 1048576K
Event: 40.482 GC heap after
Heap after GC invocations=19 (full 3):
 PSYoungGen      total 160768K, used 4739K [0x00000000f5580000, 0x00000000fff00000, 0x0000000100000000)
  eden space 148992K, 0% used [0x00000000f5580000,0x00000000f5580000,0x00000000fe700000)
  from space 11776K, 40% used [0x00000000ff380000,0x00000000ff820ed8,0x00000000fff00000)
  to   space 12288K, 0% used [0x00000000fe700000,0x00000000fe700000,0x00000000ff300000)
 ParOldGen       total 151552K, used 61094K [0x00000000e0000000, 0x00000000e9400000, 0x00000000f5580000)
  object space 151552K, 40% used [0x00000000e0000000,0x00000000e3ba9858,0x00000000e9400000)
 Metaspace       used 49612K, capacity 55504K, committed 55552K, reserved 1097728K
  class space    used 6102K, capacity 7919K, committed 7936K, reserved 1048576K
}
Event: 42.447 GC heap before
{Heap before GC invocations=20 (full 3):
 PSYoungGen      total 160768K, used 153731K [0x00000000f5580000, 0x00000000fff00000, 0x0000000100000000)
  eden space 148992K, 100% used [0x00000000f5580000,0x00000000fe700000,0x00000000fe700000)
  from space 11776K, 40% used [0x00000000ff380000,0x00000000ff820ed8,0x00000000fff00000)
  to   space 12288K, 0% used [0x00000000fe700000,0x00000000fe700000,0x00000000ff300000)
 ParOldGen       total 151552K, used 61094K [0x00000000e0000000, 0x00000000e9400000, 0x00000000f5580000)
  object space 151552K, 40% used [0x00000000e0000000,0x00000000e3ba9858,0x00000000e9400000)
 Metaspace       used 53591K, capacity 60034K, committed 60288K, reserved 1101824K
  class space    used 6553K, capacity 8554K, committed 8576K, reserved 1048576K
Event: 42.458 GC heap after
Heap after GC invocations=20 (full 3):
 PSYoungGen      total 161280K, used 4855K [0x00000000f5580000, 0x0000000100000000, 0x0000000100000000)
  eden space 148992K, 0% used [0x00000000f5580000,0x00000000f5580000,0x00000000fe700000)
  from space 12288K, 39% used [0x00000000fe700000,0x00000000febbdca0,0x00000000ff300000)
  to   space 12288K, 0% used [0x00000000ff400000,0x00000000ff400000,0x0000000100000000)
 ParOldGen       total 151552K, used 64325K [0x00000000e0000000, 0x00000000e9400000, 0x00000000f5580000)
  object space 151552K, 42% used [0x00000000e0000000,0x00000000e3ed1650,0x00000000e9400000)
 Metaspace       used 53591K, capacity 60034K, committed 60288K, reserved 1101824K
  class space    used 6553K, capacity 8554K, committed 8576K, reserved 1048576K
}
Event: 44.034 GC heap before
{Heap before GC invocations=21 (full 3):
 PSYoungGen      total 161280K, used 153847K [0x00000000f5580000, 0x0000000100000000, 0x0000000100000000)
  eden space 148992K, 100% used [0x00000000f5580000,0x00000000fe700000,0x00000000fe700000)
  from space 12288K, 39% used [0x00000000fe700000,0x00000000febbdca0,0x00000000ff300000)
  to   space 12288K, 0% used [0x00000000ff400000,0x00000000ff400000,0x0000000100000000)
 ParOldGen       total 151552K, used 64325K [0x00000000e0000000, 0x00000000e9400000, 0x00000000f5580000)
  object space 151552K, 42% used [0x00000000e0000000,0x00000000e3ed1650,0x00000000e9400000)
 Metaspace       used 56258K, capacity 63042K, committed 63232K, reserved 1103872K
  class space    used 6816K, capacity 8888K, committed 8960K, reserved 1048576K
Event: 44.043 GC heap after
Heap after GC invocations=21 (full 3):
 PSYoungGen      total 161280K, used 5663K [0x00000000f5580000, 0x00000000fff00000, 0x0000000100000000)
  eden space 150016K, 0% used [0x00000000f5580000,0x00000000f5580000,0x00000000fe800000)
  from space 11264K, 50% used [0x00000000ff400000,0x00000000ff987e28,0x00000000fff00000)
  to   space 11776K, 0% used [0x00000000fe800000,0x00000000fe800000,0x00000000ff380000)
 ParOldGen       total 151552K, used 64333K [0x00000000e0000000, 0x00000000e9400000, 0x00000000f5580000)
  object space 151552K, 42% used [0x00000000e0000000,0x00000000e3ed3650,0x00000000e9400000)
 Metaspace       used 56258K, capacity 63042K, committed 63232K, reserved 1103872K
  class space    used 6816K, capacity 8888K, committed 8960K, reserved 1048576K
}
Event: 44.735 GC heap before
{Heap before GC invocations=22 (full 3):
 PSYoungGen      total 161280K, used 155679K [0x00000000f5580000, 0x00000000fff00000, 0x0000000100000000)
  eden space 150016K, 100% used [0x00000000f5580000,0x00000000fe800000,0x00000000fe800000)
  from space 11264K, 50% used [0x00000000ff400000,0x00000000ff987e28,0x00000000fff00000)
  to   space 11776K, 0% used [0x00000000fe800000,0x00000000fe800000,0x00000000ff380000)
 ParOldGen       total 151552K, used 64333K [0x00000000e0000000, 0x00000000e9400000, 0x00000000f5580000)
  object space 151552K, 42% used [0x00000000e0000000,0x00000000e3ed3650,0x00000000e9400000)
 Metaspace       used 56822K, capacity 63896K, committed 64128K, reserved 1103872K
  class space    used 6914K, capacity 9033K, committed 9088K, reserved 1048576K
Event: 44.743 GC heap after
Heap after GC invocations=22 (full 3):
 PSYoungGen      total 161792K, used 4913K [0x00000000f5580000, 0x00000000fff80000, 0x0000000100000000)
  eden space 150016K, 0% used [0x00000000f5580000,0x00000000f5580000,0x00000000fe800000)
  from space 11776K, 41% used [0x00000000fe800000,0x00000000feccc518,0x00000000ff380000)
  to   space 11264K, 0% used [0x00000000ff480000,0x00000000ff480000,0x00000000fff80000)
 ParOldGen       total 151552K, used 64341K [0x00000000e0000000, 0x00000000e9400000, 0x00000000f5580000)
  object space 151552K, 42% used [0x00000000e0000000,0x00000000e3ed5650,0x00000000e9400000)
 Metaspace       used 56822K, capacity 63896K, committed 64128K, reserved 1103872K
  class space    used 6914K, capacity 9033K, committed 9088K, reserved 1048576K
}
Event: 46.156 GC heap before
{Heap before GC invocations=23 (full 3):
 PSYoungGen      total 161792K, used 154929K [0x00000000f5580000, 0x00000000fff80000, 0x0000000100000000)
  eden space 150016K, 100% used [0x00000000f5580000,0x00000000fe800000,0x00000000fe800000)
  from space 11776K, 41% used [0x00000000fe800000,0x00000000feccc518,0x00000000ff380000)
  to   space 11264K, 0% used [0x00000000ff480000,0x00000000ff480000,0x00000000fff80000)
 ParOldGen       total 151552K, used 64341K [0x00000000e0000000, 0x00000000e9400000, 0x00000000f5580000)
  object space 151552K, 42% used [0x00000000e0000000,0x00000000e3ed5650,0x00000000e9400000)
 Metaspace       used 59241K, capacity 66808K, committed 66944K, reserved 1105920K
  class space    used 7235K, capacity 9491K, committed 9600K, reserved 1048576K
Event: 46.177 GC heap after
Heap after GC invocations=23 (full 3):
 PSYoungGen      total 161280K, used 9968K [0x00000000f5580000, 0x0000000100000000, 0x0000000100000000)
  eden space 150016K, 0% used [0x00000000f5580000,0x00000000f5580000,0x00000000fe800000)
  from space 11264K, 88% used [0x00000000ff480000,0x00000000ffe3c208,0x00000000fff80000)
  to   space 12288K, 0% used [0x00000000fe800000,0x00000000fe800000,0x00000000ff400000)
 ParOldGen       total 151552K, used 64349K [0x00000000e0000000, 0x00000000e9400000, 0x00000000f5580000)
  object space 151552K, 42% used [0x00000000e0000000,0x00000000e3ed7650,0x00000000e9400000)
 Metaspace       used 59241K, capacity 66808K, committed 66944K, reserved 1105920K
  class space    used 7235K, capacity 9491K, committed 9600K, reserved 1048576K
}

