# JRE version: Java(TM) SE Runtime Environment (8.0_60-b27) (build 1.8.0_60-b27)
# Java VM: Java HotSpot(TM) 64-Bit Server VM (25.60-b23 mixed mode windows-amd64 compressed oops)
Heap:
 PSYoungGen      total 150528K, used 150506K [0x00000000f5580000, 0x0000000100000000, 0x0000000100000000)
  eden space 134656K, 100% used [0x00000000f5580000,0x00000000fd900000,0x00000000fd900000)
  from space 15872K, 99% used [0x00000000ff080000,0x00000000ffffabc0,0x0000000100000000)
  to   space 19968K, 0% used [0x00000000fd900000,0x00000000fd900000,0x00000000fec80000)
 ParOldGen       total 149504K, used 63466K [0x00000000e0000000, 0x00000000e9200000, 0x00000000f5580000)
  object space 149504K, 42% used [0x00000000e0000000,0x00000000e3dfaab8,0x00000000e9200000)
 Metaspace       used 59474K, capacity 67186K, committed 67544K, reserved 1107968K
  class space    used 7107K, capacity 9319K, committed 9432K, reserved 1048576K
GC Heap History (10 events):
Event: 17.004 GC heap before
{Heap before GC invocations=19 (full 3):
 PSYoungGen      total 157696K, used 146514K [0x00000000f5580000, 0x00000000fff00000, 0x0000000100000000)
  eden space 142336K, 100% used [0x00000000f5580000,0x00000000fe080000,0x00000000fe080000)
  from space 15360K, 27% used [0x00000000fe080000,0x00000000fe4948a8,0x00000000fef80000)
  to   space 14848K, 0% used [0x00000000ff080000,0x00000000ff080000,0x00000000fff00000)
 ParOldGen       total 149504K, used 61186K [0x00000000e0000000, 0x00000000e9200000, 0x00000000f5580000)
  object space 149504K, 40% used [0x00000000e0000000,0x00000000e3bc0900,0x00000000e9200000)
 Metaspace       used 52974K, capacity 59422K, committed 59480K, reserved 1099776K
  class space    used 6521K, capacity 8522K, committed 8536K, reserved 1048576K
Event: 17.015 GC heap after
Heap after GC invocations=19 (full 3):
 PSYoungGen      total 158720K, used 7937K [0x00000000f5580000, 0x00000000ffe80000, 0x0000000100000000)
  eden space 144384K, 0% used [0x00000000f5580000,0x00000000f5580000,0x00000000fe280000)
  from space 14336K, 55% used [0x00000000ff080000,0x00000000ff840590,0x00000000ffe80000)
  to   space 14336K, 0% used [0x00000000fe280000,0x00000000fe280000,0x00000000ff080000)
 ParOldGen       total 149504K, used 61194K [0x00000000e0000000, 0x00000000e9200000, 0x00000000f5580000)
  object space 149504K, 40% used [0x00000000e0000000,0x00000000e3bc2900,0x00000000e9200000)
 Metaspace       used 52974K, capacity 59422K, committed 59480K, reserved 1099776K
  class space    used 6521K, capacity 8522K, committed 8536K, reserved 1048576K
}
Event: 17.678 GC heap before
{Heap before GC invocations=20 (full 3):
 PSYoungGen      total 158720K, used 152321K [0x00000000f5580000, 0x00000000ffe80000, 0x0000000100000000)
  eden space 144384K, 100% used [0x00000000f5580000,0x00000000fe280000,0x00000000fe280000)
  from space 14336K, 55% used [0x00000000ff080000,0x00000000ff840590,0x00000000ffe80000)
  to   space 14336K, 0% used [0x00000000fe280000,0x00000000fe280000,0x00000000ff080000)
 ParOldGen       total 149504K, used 61194K [0x00000000e0000000, 0x00000000e9200000, 0x00000000f5580000)
  object space 149504K, 40% used [0x00000000e0000000,0x00000000e3bc2900,0x00000000e9200000)
 Metaspace       used 56216K, capacity 62936K, committed 63192K, reserved 1103872K
  class space    used 6815K, capacity 8883K, committed 8920K, reserved 1048576K
Event: 17.688 GC heap after
Heap after GC invocations=20 (full 3):
 PSYoungGen      total 158720K, used 8694K [0x00000000f5580000, 0x0000000100000000, 0x0000000100000000)
  eden space 144384K, 0% used [0x00000000f5580000,0x00000000f5580000,0x00000000fe280000)
  from space 14336K, 60% used [0x00000000fe280000,0x00000000feafd900,0x00000000ff080000)
  to   space 14336K, 0% used [0x00000000ff200000,0x00000000ff200000,0x0000000100000000)
 ParOldGen       total 149504K, used 61194K [0x00000000e0000000, 0x00000000e9200000, 0x00000000f5580000)
  object space 149504K, 40% used [0x00000000e0000000,0x00000000e3bc2900,0x00000000e9200000)
 Metaspace       used 56216K, capacity 62936K, committed 63192K, reserved 1103872K
  class space    used 6815K, capacity 8883K, committed 8920K, reserved 1048576K
}
Event: 18.410 GC heap before
{Heap before GC invocations=21 (full 3):
 PSYoungGen      total 158720K, used 153078K [0x00000000f5580000, 0x0000000100000000, 0x0000000100000000)
  eden space 144384K, 100% used [0x00000000f5580000,0x00000000fe280000,0x00000000fe280000)
  from space 14336K, 60% used [0x00000000fe280000,0x00000000feafd900,0x00000000ff080000)
  to   space 14336K, 0% used [0x00000000ff200000,0x00000000ff200000,0x0000000100000000)
 ParOldGen       total 149504K, used 61194K [0x00000000e0000000, 0x00000000e9200000, 0x00000000f5580000)
  object space 149504K, 40% used [0x00000000e0000000,0x00000000e3bc2900,0x00000000e9200000)
 Metaspace       used 58457K, capacity 65536K, committed 65752K, reserved 1105920K
  class space    used 7047K, capacity 9168K, committed 9176K, reserved 1048576K
Event: 18.431 GC heap after
Heap after GC invocations=21 (full 3):
 PSYoungGen      total 158208K, used 12496K [0x00000000f5580000, 0x0000000100000000, 0x0000000100000000)
  eden space 143872K, 0% used [0x00000000f5580000,0x00000000f5580000,0x00000000fe200000)
  from space 14336K, 87% used [0x00000000ff200000,0x00000000ffe34218,0x0000000100000000)
  to   space 15360K, 0% used [0x00000000fe200000,0x00000000fe200000,0x00000000ff100000)
 ParOldGen       total 149504K, used 61202K [0x00000000e0000000, 0x00000000e9200000, 0x00000000f5580000)
  object space 149504K, 40% used [0x00000000e0000000,0x00000000e3bc4900,0x00000000e9200000)
 Metaspace       used 58457K, capacity 65536K, committed 65752K, reserved 1105920K
  class space    used 7047K, capacity 9168K, committed 9176K, reserved 1048576K
}
Event: 19.070 GC heap before
{Heap before GC invocations=22 (full 3):
 PSYoungGen      total 158208K, used 156368K [0x00000000f5580000, 0x0000000100000000, 0x0000000100000000)
  eden space 143872K, 100% used [0x00000000f5580000,0x00000000fe200000,0x00000000fe200000)
  from space 14336K, 87% used [0x00000000ff200000,0x00000000ffe34218,0x0000000100000000)
  to   space 15360K, 0% used [0x00000000fe200000,0x00000000fe200000,0x00000000ff100000)
 ParOldGen       total 149504K, used 61202K [0x00000000e0000000, 0x00000000e9200000, 0x00000000f5580000)
  object space 149504K, 40% used [0x00000000e0000000,0x00000000e3bc4900,0x00000000e9200000)
 Metaspace       used 58903K, capacity 66270K, committed 66392K, reserved 1105920K
  class space    used 7070K, capacity 9221K, committed 9304K, reserved 1048576K
Event: 19.087 GC heap after
Heap after GC invocations=22 (full 3):
 PSYoungGen      total 158720K, used 14550K [0x00000000f5580000, 0x0000000100000000, 0x0000000100000000)
  eden space 143872K, 0% used [0x00000000f5580000,0x00000000f5580000,0x00000000fe200000)
  from space 14848K, 97% used [0x00000000fe200000,0x00000000ff035bb0,0x00000000ff080000)
  to   space 15872K, 0% used [0x00000000ff080000,0x00000000ff080000,0x0000000100000000)
 ParOldGen       total 149504K, used 61210K [0x00000000e0000000, 0x00000000e9200000, 0x00000000f5580000)
  object space 149504K, 40% used [0x00000000e0000000,0x00000000e3bc6900,0x00000000e9200000)
 Metaspace       used 58903K, capacity 66270K, committed 66392K, reserved 1105920K
  class space    used 7070K, capacity 9221K, committed 9304K, reserved 1048576K
}
Event: 19.597 GC heap before
{Heap before GC invocations=23 (full 3):
 PSYoungGen      total 158720K, used 158422K [0x00000000f5580000, 0x0000000100000000, 0x0000000100000000)
  eden space 143872K, 100% used [0x00000000f5580000,0x00000000fe200000,0x00000000fe200000)
  from space 14848K, 97% used [0x00000000fe200000,0x00000000ff035bb0,0x00000000ff080000)
  to   space 15872K, 0% used [0x00000000ff080000,0x00000000ff080000,0x0000000100000000)
 ParOldGen       total 149504K, used 61210K [0x00000000e0000000, 0x00000000e9200000, 0x00000000f5580000)
  object space 149504K, 40% used [0x00000000e0000000,0x00000000e3bc6900,0x00000000e9200000)
 Metaspace       used 59223K, capacity 66762K, committed 66904K, reserved 1107968K
  class space    used 7087K, capacity 9265K, committed 9304K, reserved 1048576K
Event: 19.618 GC heap after
Heap after GC invocations=23 (full 3):
 PSYoungGen      total 150528K, used 15850K [0x00000000f5580000, 0x0000000100000000, 0x0000000100000000)
  eden space 134656K, 0% used [0x00000000f5580000,0x00000000f5580000,0x00000000fd900000)
  from space 15872K, 99% used [0x00000000ff080000,0x00000000ffffabc0,0x0000000100000000)
  to   space 19968K, 0% used [0x00000000fd900000,0x00000000fd900000,0x00000000fec80000)
 ParOldGen       total 149504K, used 63466K [0x00000000e0000000, 0x00000000e9200000, 0x00000000f5580000)
  object space 149504K, 42% used [0x00000000e0000000,0x00000000e3dfaab8,0x00000000e9200000)
 Metaspace       used 59223K, capacity 66762K, committed 66904K, reserved 1107968K
  class space    used 7087K, capacity 9265K, committed 9304K, reserved 1048576K
}

