# JRE version: Java(TM) SE Runtime Environment (8.0_60-b27) (build 1.8.0_60-b27)
# Java VM: Java HotSpot(TM) 64-Bit Server VM (25.60-b23 mixed mode windows-amd64 compressed oops)
Heap:
 PSYoungGen      total 150528K, used 49905K [0x00000000f5580000, 0x0000000100000000, 0x0000000100000000)
  eden space 135680K, 25% used [0x00000000f5580000,0x00000000f77be940,0x00000000fda00000)
  from space 14848K, 99% used [0x00000000ff180000,0x00000000ffffdbb0,0x0000000100000000)
  to   space 19456K, 0% used [0x00000000fda00000,0x00000000fda00000,0x00000000fed00000)
 ParOldGen       total 158720K, used 64550K [0x00000000e0000000, 0x00000000e9b00000, 0x00000000f5580000)
  object space 158720K, 40% used [0x00000000e0000000,0x00000000e3f09958,0x00000000e9b00000)
 Metaspace       used 59085K, capacity 66576K, committed 66648K, reserved 1105920K
  class space    used 7085K, capacity 9242K, committed 9304K, reserved 1048576K
GC Heap History (10 events):
Event: 18.391 GC heap before
{Heap before GC invocations=19 (full 3):
 PSYoungGen      total 158720K, used 148771K [0x00000000f5580000, 0x0000000100000000, 0x0000000100000000)
  eden space 144384K, 100% used [0x00000000f5580000,0x00000000fe280000,0x00000000fe280000)
  from space 14336K, 30% used [0x00000000fe280000,0x00000000fe6c8c90,0x00000000ff080000)
  to   space 14336K, 0% used [0x00000000ff200000,0x00000000ff200000,0x0000000100000000)
 ParOldGen       total 158720K, used 61152K [0x00000000e0000000, 0x00000000e9b00000, 0x00000000f5580000)
  object space 158720K, 38% used [0x00000000e0000000,0x00000000e3bb8000,0x00000000e9b00000)
 Metaspace       used 53246K, capacity 59618K, committed 59736K, reserved 1099776K
  class space    used 6534K, capacity 8522K, committed 8536K, reserved 1048576K
Event: 18.408 GC heap after
Heap after GC invocations=19 (full 3):
 PSYoungGen      total 159232K, used 7820K [0x00000000f5580000, 0x00000000fff00000, 0x0000000100000000)
  eden space 145920K, 0% used [0x00000000f5580000,0x00000000f5580000,0x00000000fe400000)
  from space 13312K, 58% used [0x00000000ff200000,0x00000000ff9a3100,0x00000000fff00000)
  to   space 13824K, 0% used [0x00000000fe400000,0x00000000fe400000,0x00000000ff180000)
 ParOldGen       total 158720K, used 61160K [0x00000000e0000000, 0x00000000e9b00000, 0x00000000f5580000)
  object space 158720K, 38% used [0x00000000e0000000,0x00000000e3bba000,0x00000000e9b00000)
 Metaspace       used 53246K, capacity 59618K, committed 59736K, reserved 1099776K
  class space    used 6534K, capacity 8522K, committed 8536K, reserved 1048576K
}
Event: 19.100 GC heap before
{Heap before GC invocations=20 (full 3):
 PSYoungGen      total 159232K, used 153740K [0x00000000f5580000, 0x00000000fff00000, 0x0000000100000000)
  eden space 145920K, 100% used [0x00000000f5580000,0x00000000fe400000,0x00000000fe400000)
  from space 13312K, 58% used [0x00000000ff200000,0x00000000ff9a3100,0x00000000fff00000)
  to   space 13824K, 0% used [0x00000000fe400000,0x00000000fe400000,0x00000000ff180000)
 ParOldGen       total 158720K, used 61160K [0x00000000e0000000, 0x00000000e9b00000, 0x00000000f5580000)
  object space 158720K, 38% used [0x00000000e0000000,0x00000000e3bba000,0x00000000e9b00000)
 Metaspace       used 56224K, capacity 62942K, committed 63192K, reserved 1103872K
  class space    used 6818K, capacity 8884K, committed 8920K, reserved 1048576K
Event: 19.115 GC heap after
Heap after GC invocations=20 (full 3):
 PSYoungGen      total 159744K, used 8598K [0x00000000f5580000, 0x0000000100000000, 0x0000000100000000)
  eden space 145920K, 0% used [0x00000000f5580000,0x00000000f5580000,0x00000000fe400000)
  from space 13824K, 62% used [0x00000000fe400000,0x00000000fec65ad0,0x00000000ff180000)
  to   space 13824K, 0% used [0x00000000ff280000,0x00000000ff280000,0x0000000100000000)
 ParOldGen       total 158720K, used 61168K [0x00000000e0000000, 0x00000000e9b00000, 0x00000000f5580000)
  object space 158720K, 38% used [0x00000000e0000000,0x00000000e3bbc000,0x00000000e9b00000)
 Metaspace       used 56224K, capacity 62942K, committed 63192K, reserved 1103872K
  class space    used 6818K, capacity 8884K, committed 8920K, reserved 1048576K
}
Event: 20.650 GC heap before
{Heap before GC invocations=21 (full 3):
 PSYoungGen      total 159744K, used 154518K [0x00000000f5580000, 0x0000000100000000, 0x0000000100000000)
  eden space 145920K, 100% used [0x00000000f5580000,0x00000000fe400000,0x00000000fe400000)
  from space 13824K, 62% used [0x00000000fe400000,0x00000000fec65ad0,0x00000000ff180000)
  to   space 13824K, 0% used [0x00000000ff280000,0x00000000ff280000,0x0000000100000000)
 ParOldGen       total 158720K, used 61168K [0x00000000e0000000, 0x00000000e9b00000, 0x00000000f5580000)
  object space 158720K, 38% used [0x00000000e0000000,0x00000000e3bbc000,0x00000000e9b00000)
 Metaspace       used 58736K, capacity 65846K, committed 66136K, reserved 1105920K
  class space    used 7063K, capacity 9205K, committed 9304K, reserved 1048576K
Event: 20.679 GC heap after
Heap after GC invocations=21 (full 3):
 PSYoungGen      total 158720K, used 12518K [0x00000000f5580000, 0x0000000100000000, 0x0000000100000000)
  eden space 144896K, 0% used [0x00000000f5580000,0x00000000f5580000,0x00000000fe300000)
  from space 13824K, 90% used [0x00000000ff280000,0x00000000ffeb9940,0x0000000100000000)
  to   space 14848K, 0% used [0x00000000fe300000,0x00000000fe300000,0x00000000ff180000)
 ParOldGen       total 158720K, used 61168K [0x00000000e0000000, 0x00000000e9b00000, 0x00000000f5580000)
  object space 158720K, 38% used [0x00000000e0000000,0x00000000e3bbc000,0x00000000e9b00000)
 Metaspace       used 58736K, capacity 65846K, committed 66136K, reserved 1105920K
  class space    used 7063K, capacity 9205K, committed 9304K, reserved 1048576K
}
Event: 21.528 GC heap before
{Heap before GC invocations=22 (full 3):
 PSYoungGen      total 158720K, used 157414K [0x00000000f5580000, 0x0000000100000000, 0x0000000100000000)
  eden space 144896K, 100% used [0x00000000f5580000,0x00000000fe300000,0x00000000fe300000)
  from space 13824K, 90% used [0x00000000ff280000,0x00000000ffeb9940,0x0000000100000000)
  to   space 14848K, 0% used [0x00000000fe300000,0x00000000fe300000,0x00000000ff180000)
 ParOldGen       total 158720K, used 61168K [0x00000000e0000000, 0x00000000e9b00000, 0x00000000f5580000)
  object space 158720K, 38% used [0x00000000e0000000,0x00000000e3bbc000,0x00000000e9b00000)
 Metaspace       used 58919K, capacity 66316K, committed 66648K, reserved 1105920K
  class space    used 7073K, capacity 9222K, committed 9304K, reserved 1048576K
Event: 21.552 GC heap after
Heap after GC invocations=22 (full 3):
 PSYoungGen      total 159744K, used 14570K [0x00000000f5580000, 0x0000000100000000, 0x0000000100000000)
  eden space 144896K, 0% used [0x00000000f5580000,0x00000000f5580000,0x00000000fe300000)
  from space 14848K, 98% used [0x00000000fe300000,0x00000000ff13abc0,0x00000000ff180000)
  to   space 14848K, 0% used [0x00000000ff180000,0x00000000ff180000,0x0000000100000000)
 ParOldGen       total 158720K, used 61176K [0x00000000e0000000, 0x00000000e9b00000, 0x00000000f5580000)
  object space 158720K, 38% used [0x00000000e0000000,0x00000000e3bbe000,0x00000000e9b00000)
 Metaspace       used 58919K, capacity 66316K, committed 66648K, reserved 1105920K
  class space    used 7073K, capacity 9222K, committed 9304K, reserved 1048576K
}
Event: 22.091 GC heap before
{Heap before GC invocations=23 (full 3):
 PSYoungGen      total 159744K, used 159466K [0x00000000f5580000, 0x0000000100000000, 0x0000000100000000)
  eden space 144896K, 100% used [0x00000000f5580000,0x00000000fe300000,0x00000000fe300000)
  from space 14848K, 98% used [0x00000000fe300000,0x00000000ff13abc0,0x00000000ff180000)
  to   space 14848K, 0% used [0x00000000ff180000,0x00000000ff180000,0x0000000100000000)
 ParOldGen       total 158720K, used 61176K [0x00000000e0000000, 0x00000000e9b00000, 0x00000000f5580000)
  object space 158720K, 38% used [0x00000000e0000000,0x00000000e3bbe000,0x00000000e9b00000)
 Metaspace       used 59071K, capacity 66550K, committed 66648K, reserved 1105920K
  class space    used 7081K, capacity 9235K, committed 9304K, reserved 1048576K
Event: 22.112 GC heap after
Heap after GC invocations=23 (full 3):
 PSYoungGen      total 150528K, used 14838K [0x00000000f5580000, 0x0000000100000000, 0x0000000100000000)
  eden space 135680K, 0% used [0x00000000f5580000,0x00000000f5580000,0x00000000fda00000)
  from space 14848K, 99% used [0x00000000ff180000,0x00000000ffffdbb0,0x0000000100000000)
  to   space 19456K, 0% used [0x00000000fda00000,0x00000000fda00000,0x00000000fed00000)
 ParOldGen       total 158720K, used 64550K [0x00000000e0000000, 0x00000000e9b00000, 0x00000000f5580000)
  object space 158720K, 40% used [0x00000000e0000000,0x00000000e3f09958,0x00000000e9b00000)
 Metaspace       used 59071K, capacity 66550K, committed 66648K, reserved 1105920K
  class space    used 7081K, capacity 9235K, committed 9304K, reserved 1048576K
}

