# JRE version: Java(TM) SE Runtime Environment (8.0_60-b27) (build 1.8.0_60-b27)
# Java VM: Java HotSpot(TM) 64-Bit Server VM (25.60-b23 mixed mode windows-amd64 compressed oops)
Heap:
 PSYoungGen      total 160256K, used 79666K [0x00000000f5580000, 0x0000000100000000, 0x0000000100000000)
  eden space 147456K, 48% used [0x00000000f5580000,0x00000000f9acf9d8,0x00000000fe580000)
  from space 12800K, 67% used [0x00000000ff280000,0x00000000ffafd010,0x00000000fff00000)
  to   space 13312K, 0% used [0x00000000fe580000,0x00000000fe580000,0x00000000ff280000)
 ParOldGen       total 158208K, used 65320K [0x00000000e0000000, 0x00000000e9a80000, 0x00000000f5580000)
  object space 158208K, 41% used [0x00000000e0000000,0x00000000e3fca190,0x00000000e9a80000)
 Metaspace       used 58995K, capacity 66432K, committed 66688K, reserved 1105920K
  class space    used 7078K, capacity 9230K, committed 9344K, reserved 1048576K
GC Heap History (10 events):
Event: 11.442 GC heap before
{Heap before GC invocations=19 (full 3):
 PSYoungGen      total 159232K, used 145408K [0x00000000f5580000, 0x0000000100000000, 0x0000000100000000)
  eden space 145408K, 100% used [0x00000000f5580000,0x00000000fe380000,0x00000000fe380000)
  from space 13824K, 0% used [0x00000000fe380000,0x00000000fe380000,0x00000000ff100000)
  to   space 14336K, 0% used [0x00000000ff200000,0x00000000ff200000,0x0000000100000000)
 ParOldGen       total 158208K, used 59510K [0x00000000e0000000, 0x00000000e9a80000, 0x00000000f5580000)
  object space 158208K, 37% used [0x00000000e0000000,0x00000000e3a1d948,0x00000000e9a80000)
 Metaspace       used 49997K, capacity 55906K, committed 56192K, reserved 1097728K
  class space    used 6173K, capacity 8002K, committed 8064K, reserved 1048576K
Event: 11.449 GC heap after
Heap after GC invocations=19 (full 3):
 PSYoungGen      total 160256K, used 4671K [0x00000000f5580000, 0x00000000fff80000, 0x0000000100000000)
  eden space 146432K, 0% used [0x00000000f5580000,0x00000000f5580000,0x00000000fe480000)
  from space 13824K, 33% used [0x00000000ff200000,0x00000000ff68fc48,0x00000000fff80000)
  to   space 13824K, 0% used [0x00000000fe480000,0x00000000fe480000,0x00000000ff200000)
 ParOldGen       total 158208K, used 59518K [0x00000000e0000000, 0x00000000e9a80000, 0x00000000f5580000)
  object space 158208K, 37% used [0x00000000e0000000,0x00000000e3a1f948,0x00000000e9a80000)
 Metaspace       used 49997K, capacity 55906K, committed 56192K, reserved 1097728K
  class space    used 6173K, capacity 8002K, committed 8064K, reserved 1048576K
}
Event: 12.538 GC heap before
{Heap before GC invocations=20 (full 3):
 PSYoungGen      total 160256K, used 151103K [0x00000000f5580000, 0x00000000fff80000, 0x0000000100000000)
  eden space 146432K, 100% used [0x00000000f5580000,0x00000000fe480000,0x00000000fe480000)
  from space 13824K, 33% used [0x00000000ff200000,0x00000000ff68fc48,0x00000000fff80000)
  to   space 13824K, 0% used [0x00000000fe480000,0x00000000fe480000,0x00000000ff200000)
 ParOldGen       total 158208K, used 59518K [0x00000000e0000000, 0x00000000e9a80000, 0x00000000f5580000)
  object space 158208K, 37% used [0x00000000e0000000,0x00000000e3a1f948,0x00000000e9a80000)
 Metaspace       used 53811K, capacity 60218K, committed 60288K, reserved 1101824K
  class space    used 6571K, capacity 8554K, committed 8576K, reserved 1048576K
Event: 12.555 GC heap after
Heap after GC invocations=20 (full 3):
 PSYoungGen      total 160256K, used 4658K [0x00000000f5580000, 0x00000000fff00000, 0x0000000100000000)
  eden space 146432K, 0% used [0x00000000f5580000,0x00000000f5580000,0x00000000fe480000)
  from space 13824K, 33% used [0x00000000fe480000,0x00000000fe90c870,0x00000000ff200000)
  to   space 13312K, 0% used [0x00000000ff200000,0x00000000ff200000,0x00000000fff00000)
 ParOldGen       total 158208K, used 62852K [0x00000000e0000000, 0x00000000e9a80000, 0x00000000f5580000)
  object space 158208K, 39% used [0x00000000e0000000,0x00000000e3d613d0,0x00000000e9a80000)
 Metaspace       used 53811K, capacity 60218K, committed 60288K, reserved 1101824K
  class space    used 6571K, capacity 8554K, committed 8576K, reserved 1048576K
}
Event: 13.569 GC heap before
{Heap before GC invocations=21 (full 3):
 PSYoungGen      total 160256K, used 151090K [0x00000000f5580000, 0x00000000fff00000, 0x0000000100000000)
  eden space 146432K, 100% used [0x00000000f5580000,0x00000000fe480000,0x00000000fe480000)
  from space 13824K, 33% used [0x00000000fe480000,0x00000000fe90c870,0x00000000ff200000)
  to   space 13312K, 0% used [0x00000000ff200000,0x00000000ff200000,0x00000000fff00000)
 ParOldGen       total 158208K, used 62852K [0x00000000e0000000, 0x00000000e9a80000, 0x00000000f5580000)
  object space 158208K, 39% used [0x00000000e0000000,0x00000000e3d613d0,0x00000000e9a80000)
 Metaspace       used 56458K, capacity 63230K, committed 63488K, reserved 1103872K
  class space    used 6847K, capacity 8916K, committed 8960K, reserved 1048576K
Event: 13.579 GC heap after
Heap after GC invocations=21 (full 3):
 PSYoungGen      total 160256K, used 3121K [0x00000000f5580000, 0x00000000fff80000, 0x0000000100000000)
  eden space 146944K, 0% used [0x00000000f5580000,0x00000000f5580000,0x00000000fe500000)
  from space 13312K, 23% used [0x00000000ff200000,0x00000000ff50c550,0x00000000fff00000)
  to   space 13312K, 0% used [0x00000000fe500000,0x00000000fe500000,0x00000000ff200000)
 ParOldGen       total 158208K, used 65304K [0x00000000e0000000, 0x00000000e9a80000, 0x00000000f5580000)
  object space 158208K, 41% used [0x00000000e0000000,0x00000000e3fc6190,0x00000000e9a80000)
 Metaspace       used 56458K, capacity 63230K, committed 63488K, reserved 1103872K
  class space    used 6847K, capacity 8916K, committed 8960K, reserved 1048576K
}
Event: 14.637 GC heap before
{Heap before GC invocations=22 (full 3):
 PSYoungGen      total 160256K, used 150065K [0x00000000f5580000, 0x00000000fff80000, 0x0000000100000000)
  eden space 146944K, 100% used [0x00000000f5580000,0x00000000fe500000,0x00000000fe500000)
  from space 13312K, 23% used [0x00000000ff200000,0x00000000ff50c550,0x00000000fff00000)
  to   space 13312K, 0% used [0x00000000fe500000,0x00000000fe500000,0x00000000ff200000)
 ParOldGen       total 158208K, used 65304K [0x00000000e0000000, 0x00000000e9a80000, 0x00000000f5580000)
  object space 158208K, 41% used [0x00000000e0000000,0x00000000e3fc6190,0x00000000e9a80000)
 Metaspace       used 58762K, capacity 65944K, committed 66048K, reserved 1105920K
  class space    used 7065K, capacity 9208K, committed 9216K, reserved 1048576K
Event: 14.654 GC heap after
Heap after GC invocations=22 (full 3):
 PSYoungGen      total 160256K, used 6273K [0x00000000f5580000, 0x00000000fff00000, 0x0000000100000000)
  eden space 146944K, 0% used [0x00000000f5580000,0x00000000f5580000,0x00000000fe500000)
  from space 13312K, 47% used [0x00000000fe500000,0x00000000feb20758,0x00000000ff200000)
  to   space 12800K, 0% used [0x00000000ff280000,0x00000000ff280000,0x00000000fff00000)
 ParOldGen       total 158208K, used 65312K [0x00000000e0000000, 0x00000000e9a80000, 0x00000000f5580000)
  object space 158208K, 41% used [0x00000000e0000000,0x00000000e3fc8190,0x00000000e9a80000)
 Metaspace       used 58762K, capacity 65944K, committed 66048K, reserved 1105920K
  class space    used 7065K, capacity 9208K, committed 9216K, reserved 1048576K
}
Event: 15.287 GC heap before
{Heap before GC invocations=23 (full 3):
 PSYoungGen      total 160256K, used 153217K [0x00000000f5580000, 0x00000000fff00000, 0x0000000100000000)
  eden space 146944K, 100% used [0x00000000f5580000,0x00000000fe500000,0x00000000fe500000)
  from space 13312K, 47% used [0x00000000fe500000,0x00000000feb20758,0x00000000ff200000)
  to   space 12800K, 0% used [0x00000000ff280000,0x00000000ff280000,0x00000000fff00000)
 ParOldGen       total 158208K, used 65312K [0x00000000e0000000, 0x00000000e9a80000, 0x00000000f5580000)
  object space 158208K, 41% used [0x00000000e0000000,0x00000000e3fc8190,0x00000000e9a80000)
 Metaspace       used 58926K, capacity 66296K, committed 66432K, reserved 1105920K
  class space    used 7074K, capacity 9224K, committed 9344K, reserved 1048576K
Event: 15.299 GC heap after
Heap after GC invocations=23 (full 3):
 PSYoungGen      total 160256K, used 8692K [0x00000000f5580000, 0x0000000100000000, 0x0000000100000000)
  eden space 147456K, 0% used [0x00000000f5580000,0x00000000f5580000,0x00000000fe580000)
  from space 12800K, 67% used [0x00000000ff280000,0x00000000ffafd010,0x00000000fff00000)
  to   space 13312K, 0% used [0x00000000fe580000,0x00000000fe580000,0x00000000ff280000)
 ParOldGen       total 158208K, used 65320K [0x00000000e0000000, 0x00000000e9a80000, 0x00000000f5580000)
  object space 158208K, 41% used [0x00000000e0000000,0x00000000e3fca190,0x00000000e9a80000)
 Metaspace       used 58926K, capacity 66296K, committed 66432K, reserved 1105920K
  class space    used 7074K, capacity 9224K, committed 9344K, reserved 1048576K
}

