# JRE version: Java(TM) SE Runtime Environment (8.0_60-b27) (build 1.8.0_60-b27)
# Java VM: Java HotSpot(TM) 64-Bit Server VM (25.60-b23 mixed mode windows-amd64 compressed oops)
Heap:
 PSYoungGen      total 150528K, used 52593K [0x00000000f5580000, 0x0000000100000000, 0x0000000100000000)
  eden space 135680K, 27% used [0x00000000f5580000,0x00000000f7a5ead0,0x00000000fda00000)
  from space 14848K, 99% used [0x00000000ff180000,0x00000000ffffdbb0,0x0000000100000000)
  to   space 19456K, 0% used [0x00000000fda00000,0x00000000fda00000,0x00000000fed00000)
 ParOldGen       total 161792K, used 64431K [0x00000000e0000000, 0x00000000e9e00000, 0x00000000f5580000)
  object space 161792K, 39% used [0x00000000e0000000,0x00000000e3eebdb8,0x00000000e9e00000)
 Metaspace       used 59241K, capacity 66798K, committed 66904K, reserved 1107968K
  class space    used 7091K, capacity 9275K, committed 9304K, reserved 1048576K
GC Heap History (10 events):
Event: 13.340 GC heap before
{Heap before GC invocations=19 (full 3):
 PSYoungGen      total 159232K, used 149549K [0x00000000f5580000, 0x0000000100000000, 0x0000000100000000)
  eden space 145408K, 100% used [0x00000000f5580000,0x00000000fe380000,0x00000000fe380000)
  from space 13824K, 29% used [0x00000000fe380000,0x00000000fe78b428,0x00000000ff100000)
  to   space 13824K, 0% used [0x00000000ff280000,0x00000000ff280000,0x0000000100000000)
 ParOldGen       total 161792K, used 61100K [0x00000000e0000000, 0x00000000e9e00000, 0x00000000f5580000)
  object space 161792K, 37% used [0x00000000e0000000,0x00000000e3bab1e8,0x00000000e9e00000)
 Metaspace       used 53077K, capacity 59542K, committed 59736K, reserved 1099776K
  class space    used 6524K, capacity 8522K, committed 8536K, reserved 1048576K
Event: 13.354 GC heap after
Heap after GC invocations=19 (full 3):
 PSYoungGen      total 159744K, used 7822K [0x00000000f5580000, 0x00000000fff00000, 0x0000000100000000)
  eden space 146944K, 0% used [0x00000000f5580000,0x00000000f5580000,0x00000000fe500000)
  from space 12800K, 61% used [0x00000000ff280000,0x00000000ffa23a50,0x00000000fff00000)
  to   space 13312K, 0% used [0x00000000fe500000,0x00000000fe500000,0x00000000ff200000)
 ParOldGen       total 161792K, used 61108K [0x00000000e0000000, 0x00000000e9e00000, 0x00000000f5580000)
  object space 161792K, 37% used [0x00000000e0000000,0x00000000e3bad1e8,0x00000000e9e00000)
 Metaspace       used 53077K, capacity 59542K, committed 59736K, reserved 1099776K
  class space    used 6524K, capacity 8522K, committed 8536K, reserved 1048576K
}
Event: 14.112 GC heap before
{Heap before GC invocations=20 (full 3):
 PSYoungGen      total 159744K, used 154766K [0x00000000f5580000, 0x00000000fff00000, 0x0000000100000000)
  eden space 146944K, 100% used [0x00000000f5580000,0x00000000fe500000,0x00000000fe500000)
  from space 12800K, 61% used [0x00000000ff280000,0x00000000ffa23a50,0x00000000fff00000)
  to   space 13312K, 0% used [0x00000000fe500000,0x00000000fe500000,0x00000000ff200000)
 ParOldGen       total 161792K, used 61108K [0x00000000e0000000, 0x00000000e9e00000, 0x00000000f5580000)
  object space 161792K, 37% used [0x00000000e0000000,0x00000000e3bad1e8,0x00000000e9e00000)
 Metaspace       used 56224K, capacity 62934K, committed 63192K, reserved 1103872K
  class space    used 6815K, capacity 8884K, committed 8920K, reserved 1048576K
Event: 14.127 GC heap after
Heap after GC invocations=20 (full 3):
 PSYoungGen      total 160256K, used 8591K [0x00000000f5580000, 0x0000000100000000, 0x0000000100000000)
  eden space 146944K, 0% used [0x00000000f5580000,0x00000000f5580000,0x00000000fe500000)
  from space 13312K, 64% used [0x00000000fe500000,0x00000000fed63fe0,0x00000000ff200000)
  to   space 13312K, 0% used [0x00000000ff300000,0x00000000ff300000,0x0000000100000000)
 ParOldGen       total 161792K, used 61108K [0x00000000e0000000, 0x00000000e9e00000, 0x00000000f5580000)
  object space 161792K, 37% used [0x00000000e0000000,0x00000000e3bad1e8,0x00000000e9e00000)
 Metaspace       used 56224K, capacity 62934K, committed 63192K, reserved 1103872K
  class space    used 6815K, capacity 8884K, committed 8920K, reserved 1048576K
}
Event: 14.938 GC heap before
{Heap before GC invocations=21 (full 3):
 PSYoungGen      total 160256K, used 155535K [0x00000000f5580000, 0x0000000100000000, 0x0000000100000000)
  eden space 146944K, 100% used [0x00000000f5580000,0x00000000fe500000,0x00000000fe500000)
  from space 13312K, 64% used [0x00000000fe500000,0x00000000fed63fe0,0x00000000ff200000)
  to   space 13312K, 0% used [0x00000000ff300000,0x00000000ff300000,0x0000000100000000)
 ParOldGen       total 161792K, used 61108K [0x00000000e0000000, 0x00000000e9e00000, 0x00000000f5580000)
  object space 161792K, 37% used [0x00000000e0000000,0x00000000e3bad1e8,0x00000000e9e00000)
 Metaspace       used 58719K, capacity 65808K, committed 66136K, reserved 1105920K
  class space    used 7060K, capacity 9204K, committed 9304K, reserved 1048576K
Event: 14.966 GC heap after
Heap after GC invocations=21 (full 3):
 PSYoungGen      total 158208K, used 12539K [0x00000000f5580000, 0x0000000100000000, 0x0000000100000000)
  eden space 144896K, 0% used [0x00000000f5580000,0x00000000f5580000,0x00000000fe300000)
  from space 13312K, 94% used [0x00000000ff300000,0x00000000fff3ed90,0x0000000100000000)
  to   space 14848K, 0% used [0x00000000fe300000,0x00000000fe300000,0x00000000ff180000)
 ParOldGen       total 161792K, used 61116K [0x00000000e0000000, 0x00000000e9e00000, 0x00000000f5580000)
  object space 161792K, 37% used [0x00000000e0000000,0x00000000e3baf1e8,0x00000000e9e00000)
 Metaspace       used 58719K, capacity 65808K, committed 66136K, reserved 1105920K
  class space    used 7060K, capacity 9204K, committed 9304K, reserved 1048576K
}
Event: 15.546 GC heap before
{Heap before GC invocations=22 (full 3):
 PSYoungGen      total 158208K, used 157435K [0x00000000f5580000, 0x0000000100000000, 0x0000000100000000)
  eden space 144896K, 100% used [0x00000000f5580000,0x00000000fe300000,0x00000000fe300000)
  from space 13312K, 94% used [0x00000000ff300000,0x00000000fff3ed90,0x0000000100000000)
  to   space 14848K, 0% used [0x00000000fe300000,0x00000000fe300000,0x00000000ff180000)
 ParOldGen       total 161792K, used 61116K [0x00000000e0000000, 0x00000000e9e00000, 0x00000000f5580000)
  object space 161792K, 37% used [0x00000000e0000000,0x00000000e3baf1e8,0x00000000e9e00000)
 Metaspace       used 59068K, capacity 66494K, committed 66648K, reserved 1105920K
  class space    used 7079K, capacity 9255K, committed 9304K, reserved 1048576K
Event: 15.563 GC heap after
Heap after GC invocations=22 (full 3):
 PSYoungGen      total 159744K, used 14582K [0x00000000f5580000, 0x0000000100000000, 0x0000000100000000)
  eden space 144896K, 0% used [0x00000000f5580000,0x00000000f5580000,0x00000000fe300000)
  from space 14848K, 98% used [0x00000000fe300000,0x00000000ff13dbb0,0x00000000ff180000)
  to   space 14848K, 0% used [0x00000000ff180000,0x00000000ff180000,0x0000000100000000)
 ParOldGen       total 161792K, used 61124K [0x00000000e0000000, 0x00000000e9e00000, 0x00000000f5580000)
  object space 161792K, 37% used [0x00000000e0000000,0x00000000e3bb11e8,0x00000000e9e00000)
 Metaspace       used 59068K, capacity 66494K, committed 66648K, reserved 1105920K
  class space    used 7079K, capacity 9255K, committed 9304K, reserved 1048576K
}
Event: 16.098 GC heap before
{Heap before GC invocations=23 (full 3):
 PSYoungGen      total 159744K, used 159478K [0x00000000f5580000, 0x0000000100000000, 0x0000000100000000)
  eden space 144896K, 100% used [0x00000000f5580000,0x00000000fe300000,0x00000000fe300000)
  from space 14848K, 98% used [0x00000000fe300000,0x00000000ff13dbb0,0x00000000ff180000)
  to   space 14848K, 0% used [0x00000000ff180000,0x00000000ff180000,0x0000000100000000)
 ParOldGen       total 161792K, used 61124K [0x00000000e0000000, 0x00000000e9e00000, 0x00000000f5580000)
  object space 161792K, 37% used [0x00000000e0000000,0x00000000e3bb11e8,0x00000000e9e00000)
 Metaspace       used 59224K, capacity 66764K, committed 66904K, reserved 1107968K
  class space    used 7088K, capacity 9268K, committed 9304K, reserved 1048576K
Event: 16.121 GC heap after
Heap after GC invocations=23 (full 3):
 PSYoungGen      total 150528K, used 14838K [0x00000000f5580000, 0x0000000100000000, 0x0000000100000000)
  eden space 135680K, 0% used [0x00000000f5580000,0x00000000f5580000,0x00000000fda00000)
  from space 14848K, 99% used [0x00000000ff180000,0x00000000ffffdbb0,0x0000000100000000)
  to   space 19456K, 0% used [0x00000000fda00000,0x00000000fda00000,0x00000000fed00000)
 ParOldGen       total 161792K, used 64431K [0x00000000e0000000, 0x00000000e9e00000, 0x00000000f5580000)
  object space 161792K, 39% used [0x00000000e0000000,0x00000000e3eebdb8,0x00000000e9e00000)
 Metaspace       used 59224K, capacity 66764K, committed 66904K, reserved 1107968K
  class space    used 7088K, capacity 9268K, committed 9304K, reserved 1048576K
}

