# JRE version: Java(TM) SE Runtime Environment (8.0_60-b27) (build 1.8.0_60-b27)
# Java VM: Java HotSpot(TM) 64-Bit Server VM (25.60-b23 mixed mode windows-amd64 compressed oops)
Heap:
 PSYoungGen      total 159232K, used 60452K [0x00000000f5580000, 0x0000000100000000, 0x0000000100000000)
  eden space 145920K, 33% used [0x00000000f5580000,0x00000000f85a64e8,0x00000000fe400000)
  from space 13312K, 83% used [0x00000000ff280000,0x00000000ffd62bb0,0x00000000fff80000)
  to   space 14336K, 0% used [0x00000000fe400000,0x00000000fe400000,0x00000000ff200000)
 ParOldGen       total 159232K, used 62817K [0x00000000e0000000, 0x00000000e9b80000, 0x00000000f5580000)
  object space 159232K, 39% used [0x00000000e0000000,0x00000000e3d58778,0x00000000e9b80000)
 Metaspace       used 58969K, capacity 66393K, committed 66688K, reserved 1105920K
  class space    used 7075K, capacity 9225K, committed 9344K, reserved 1048576K
GC Heap History (10 events):
Event: 11.952 GC heap before
{Heap before GC invocations=19 (full 3):
 PSYoungGen      total 158208K, used 144384K [0x00000000f5580000, 0x0000000100000000, 0x0000000100000000)
  eden space 144384K, 100% used [0x00000000f5580000,0x00000000fe280000,0x00000000fe280000)
  from space 13824K, 0% used [0x00000000fe280000,0x00000000fe280000,0x00000000ff000000)
  to   space 14848K, 0% used [0x00000000ff180000,0x00000000ff180000,0x0000000100000000)
 ParOldGen       total 159232K, used 59524K [0x00000000e0000000, 0x00000000e9b80000, 0x00000000f5580000)
  object space 159232K, 37% used [0x00000000e0000000,0x00000000e3a211b0,0x00000000e9b80000)
 Metaspace       used 49925K, capacity 55837K, committed 56192K, reserved 1097728K
  class space    used 6142K, capacity 7954K, committed 8064K, reserved 1048576K
Event: 11.963 GC heap after
Heap after GC invocations=19 (full 3):
 PSYoungGen      total 160256K, used 4538K [0x00000000f5580000, 0x0000000100000000, 0x0000000100000000)
  eden space 145408K, 0% used [0x00000000f5580000,0x00000000f5580000,0x00000000fe380000)
  from space 14848K, 30% used [0x00000000ff180000,0x00000000ff5eea98,0x0000000100000000)
  to   space 14336K, 0% used [0x00000000fe380000,0x00000000fe380000,0x00000000ff180000)
 ParOldGen       total 159232K, used 59532K [0x00000000e0000000, 0x00000000e9b80000, 0x00000000f5580000)
  object space 159232K, 37% used [0x00000000e0000000,0x00000000e3a231b0,0x00000000e9b80000)
 Metaspace       used 49925K, capacity 55837K, committed 56192K, reserved 1097728K
  class space    used 6142K, capacity 7954K, committed 8064K, reserved 1048576K
}
Event: 12.837 GC heap before
{Heap before GC invocations=20 (full 3):
 PSYoungGen      total 160256K, used 149946K [0x00000000f5580000, 0x0000000100000000, 0x0000000100000000)
  eden space 145408K, 100% used [0x00000000f5580000,0x00000000fe380000,0x00000000fe380000)
  from space 14848K, 30% used [0x00000000ff180000,0x00000000ff5eea98,0x0000000100000000)
  to   space 14336K, 0% used [0x00000000fe380000,0x00000000fe380000,0x00000000ff180000)
 ParOldGen       total 159232K, used 59532K [0x00000000e0000000, 0x00000000e9b80000, 0x00000000f5580000)
  object space 159232K, 37% used [0x00000000e0000000,0x00000000e3a231b0,0x00000000e9b80000)
 Metaspace       used 53758K, capacity 60161K, committed 60288K, reserved 1101824K
  class space    used 6572K, capacity 8554K, committed 8576K, reserved 1048576K
Event: 12.852 GC heap after
Heap after GC invocations=20 (full 3):
 PSYoungGen      total 150528K, used 5070K [0x00000000f5580000, 0x00000000ffe80000, 0x0000000100000000)
  eden space 145408K, 0% used [0x00000000f5580000,0x00000000f5580000,0x00000000fe380000)
  from space 5120K, 99% used [0x00000000fe380000,0x00000000fe8739f8,0x00000000fe880000)
  to   space 13824K, 0% used [0x00000000ff100000,0x00000000ff100000,0x00000000ffe80000)
 ParOldGen       total 159232K, used 62801K [0x00000000e0000000, 0x00000000e9b80000, 0x00000000f5580000)
  object space 159232K, 39% used [0x00000000e0000000,0x00000000e3d54778,0x00000000e9b80000)
 Metaspace       used 53758K, capacity 60161K, committed 60288K, reserved 1101824K
  class space    used 6572K, capacity 8554K, committed 8576K, reserved 1048576K
}
Event: 13.502 GC heap before
{Heap before GC invocations=21 (full 3):
 PSYoungGen      total 150528K, used 150478K [0x00000000f5580000, 0x00000000ffe80000, 0x0000000100000000)
  eden space 145408K, 100% used [0x00000000f5580000,0x00000000fe380000,0x00000000fe380000)
  from space 5120K, 99% used [0x00000000fe380000,0x00000000fe8739f8,0x00000000fe880000)
  to   space 13824K, 0% used [0x00000000ff100000,0x00000000ff100000,0x00000000ffe80000)
 ParOldGen       total 159232K, used 62801K [0x00000000e0000000, 0x00000000e9b80000, 0x00000000f5580000)
  object space 159232K, 39% used [0x00000000e0000000,0x00000000e3d54778,0x00000000e9b80000)
 Metaspace       used 56354K, capacity 63107K, committed 63232K, reserved 1103872K
  class space    used 6829K, capacity 8891K, committed 8960K, reserved 1048576K
Event: 13.510 GC heap after
Heap after GC invocations=21 (full 3):
 PSYoungGen      total 159744K, used 5487K [0x00000000f5580000, 0x0000000100000000, 0x0000000100000000)
  eden space 145920K, 0% used [0x00000000f5580000,0x00000000f5580000,0x00000000fe400000)
  from space 13824K, 39% used [0x00000000ff100000,0x00000000ff65bfe8,0x00000000ffe80000)
  to   space 13312K, 0% used [0x00000000fe400000,0x00000000fe400000,0x00000000ff100000)
 ParOldGen       total 159232K, used 62801K [0x00000000e0000000, 0x00000000e9b80000, 0x00000000f5580000)
  object space 159232K, 39% used [0x00000000e0000000,0x00000000e3d54778,0x00000000e9b80000)
 Metaspace       used 56354K, capacity 63107K, committed 63232K, reserved 1103872K
  class space    used 6829K, capacity 8891K, committed 8960K, reserved 1048576K
}
Event: 14.385 GC heap before
{Heap before GC invocations=22 (full 3):
 PSYoungGen      total 159744K, used 151407K [0x00000000f5580000, 0x0000000100000000, 0x0000000100000000)
  eden space 145920K, 100% used [0x00000000f5580000,0x00000000fe400000,0x00000000fe400000)
  from space 13824K, 39% used [0x00000000ff100000,0x00000000ff65bfe8,0x00000000ffe80000)
  to   space 13312K, 0% used [0x00000000fe400000,0x00000000fe400000,0x00000000ff100000)
 ParOldGen       total 159232K, used 62801K [0x00000000e0000000, 0x00000000e9b80000, 0x00000000f5580000)
  object space 159232K, 39% used [0x00000000e0000000,0x00000000e3d54778,0x00000000e9b80000)
 Metaspace       used 58768K, capacity 65947K, committed 66048K, reserved 1105920K
  class space    used 7065K, capacity 9208K, committed 9216K, reserved 1048576K
Event: 14.399 GC heap after
Heap after GC invocations=22 (full 3):
 PSYoungGen      total 159232K, used 8764K [0x00000000f5580000, 0x00000000fff80000, 0x0000000100000000)
  eden space 145920K, 0% used [0x00000000f5580000,0x00000000f5580000,0x00000000fe400000)
  from space 13312K, 65% used [0x00000000fe400000,0x00000000fec8f098,0x00000000ff100000)
  to   space 13312K, 0% used [0x00000000ff280000,0x00000000ff280000,0x00000000fff80000)
 ParOldGen       total 159232K, used 62809K [0x00000000e0000000, 0x00000000e9b80000, 0x00000000f5580000)
  object space 159232K, 39% used [0x00000000e0000000,0x00000000e3d56778,0x00000000e9b80000)
 Metaspace       used 58768K, capacity 65947K, committed 66048K, reserved 1105920K
  class space    used 7065K, capacity 9208K, committed 9216K, reserved 1048576K
}
Event: 14.947 GC heap before
{Heap before GC invocations=23 (full 3):
 PSYoungGen      total 159232K, used 154684K [0x00000000f5580000, 0x00000000fff80000, 0x0000000100000000)
  eden space 145920K, 100% used [0x00000000f5580000,0x00000000fe400000,0x00000000fe400000)
  from space 13312K, 65% used [0x00000000fe400000,0x00000000fec8f098,0x00000000ff100000)
  to   space 13312K, 0% used [0x00000000ff280000,0x00000000ff280000,0x00000000fff80000)
 ParOldGen       total 159232K, used 62809K [0x00000000e0000000, 0x00000000e9b80000, 0x00000000f5580000)
  object space 159232K, 39% used [0x00000000e0000000,0x00000000e3d56778,0x00000000e9b80000)
 Metaspace       used 58940K, capacity 66323K, committed 66688K, reserved 1105920K
  class space    used 7074K, capacity 9224K, committed 9344K, reserved 1048576K
Event: 14.964 GC heap after
Heap after GC invocations=23 (full 3):
 PSYoungGen      total 159232K, used 11146K [0x00000000f5580000, 0x0000000100000000, 0x0000000100000000)
  eden space 145920K, 0% used [0x00000000f5580000,0x00000000f5580000,0x00000000fe400000)
  from space 13312K, 83% used [0x00000000ff280000,0x00000000ffd62bb0,0x00000000fff80000)
  to   space 14336K, 0% used [0x00000000fe400000,0x00000000fe400000,0x00000000ff200000)
 ParOldGen       total 159232K, used 62817K [0x00000000e0000000, 0x00000000e9b80000, 0x00000000f5580000)
  object space 159232K, 39% used [0x00000000e0000000,0x00000000e3d58778,0x00000000e9b80000)
 Metaspace       used 58940K, capacity 66323K, committed 66688K, reserved 1105920K
  class space    used 7074K, capacity 9224K, committed 9344K, reserved 1048576K
}

