# JRE version: Java(TM) SE Runtime Environment (8.0_60-b27) (build 1.8.0_60-b27)
# Java VM: Java HotSpot(TM) 64-Bit Server VM (25.60-b23 mixed mode windows-amd64 compressed oops)
Heap:
 PSYoungGen      total 159232K, used 88764K [0x00000000f5580000, 0x00000000fff80000, 0x0000000100000000)
  eden space 146432K, 57% used [0x00000000f5580000,0x00000000fa8673c8,0x00000000fe480000)
  from space 12800K, 30% used [0x00000000fe480000,0x00000000fe848000,0x00000000ff100000)
  to   space 12800K, 0% used [0x00000000ff300000,0x00000000ff300000,0x00000000fff80000)
 ParOldGen       total 144384K, used 74122K [0x00000000e0000000, 0x00000000e8d00000, 0x00000000f5580000)
  object space 144384K, 51% used [0x00000000e0000000,0x00000000e4862bf0,0x00000000e8d00000)
 Metaspace       used 59274K, capacity 66838K, committed 66944K, reserved 1107968K
  class space    used 7100K, capacity 9285K, committed 9344K, reserved 1048576K
GC Heap History (10 events):
Event: 12.329 GC heap before
{Heap before GC invocations=20 (full 3):
 PSYoungGen      total 159232K, used 148635K [0x00000000f5580000, 0x00000000fff80000, 0x0000000100000000)
  eden space 144384K, 100% used [0x00000000f5580000,0x00000000fe280000,0x00000000fe280000)
  from space 14848K, 28% used [0x00000000ff100000,0x00000000ff526d18,0x00000000fff80000)
  to   space 14848K, 0% used [0x00000000fe280000,0x00000000fe280000,0x00000000ff100000)
 ParOldGen       total 144384K, used 59355K [0x00000000e0000000, 0x00000000e8d00000, 0x00000000f5580000)
  object space 144384K, 41% used [0x00000000e0000000,0x00000000e39f6ee0,0x00000000e8d00000)
 Metaspace       used 53183K, capacity 59602K, committed 59776K, reserved 1099776K
  class space    used 6531K, capacity 8522K, committed 8576K, reserved 1048576K
Event: 12.343 GC heap after
Heap after GC invocations=20 (full 3):
 PSYoungGen      total 159232K, used 4872K [0x00000000f5580000, 0x00000000fff00000, 0x0000000100000000)
  eden space 144384K, 0% used [0x00000000f5580000,0x00000000f5580000,0x00000000fe280000)
  from space 14848K, 32% used [0x00000000fe280000,0x00000000fe742270,0x00000000ff100000)
  to   space 14336K, 0% used [0x00000000ff100000,0x00000000ff100000,0x00000000fff00000)
 ParOldGen       total 144384K, used 62408K [0x00000000e0000000, 0x00000000e8d00000, 0x00000000f5580000)
  object space 144384K, 43% used [0x00000000e0000000,0x00000000e3cf2158,0x00000000e8d00000)
 Metaspace       used 53183K, capacity 59602K, committed 59776K, reserved 1099776K
  class space    used 6531K, capacity 8522K, committed 8576K, reserved 1048576K
}
Event: 13.042 GC heap before
{Heap before GC invocations=21 (full 3):
 PSYoungGen      total 159232K, used 149256K [0x00000000f5580000, 0x00000000fff00000, 0x0000000100000000)
  eden space 144384K, 100% used [0x00000000f5580000,0x00000000fe280000,0x00000000fe280000)
  from space 14848K, 32% used [0x00000000fe280000,0x00000000fe742270,0x00000000ff100000)
  to   space 14336K, 0% used [0x00000000ff100000,0x00000000ff100000,0x00000000fff00000)
 ParOldGen       total 144384K, used 62408K [0x00000000e0000000, 0x00000000e8d00000, 0x00000000f5580000)
  object space 144384K, 43% used [0x00000000e0000000,0x00000000e3cf2158,0x00000000e8d00000)
 Metaspace       used 56221K, capacity 62938K, committed 63232K, reserved 1103872K
  class space    used 6818K, capacity 8884K, committed 8960K, reserved 1048576K
Event: 13.051 GC heap after
Heap after GC invocations=21 (full 3):
 PSYoungGen      total 159232K, used 3033K [0x00000000f5580000, 0x00000000fff80000, 0x0000000100000000)
  eden space 144896K, 0% used [0x00000000f5580000,0x00000000f5580000,0x00000000fe300000)
  from space 14336K, 21% used [0x00000000ff100000,0x00000000ff3f6430,0x00000000fff00000)
  to   space 14336K, 0% used [0x00000000fe300000,0x00000000fe300000,0x00000000ff100000)
 ParOldGen       total 144384K, used 65010K [0x00000000e0000000, 0x00000000e8d00000, 0x00000000f5580000)
  object space 144384K, 45% used [0x00000000e0000000,0x00000000e3f7c860,0x00000000e8d00000)
 Metaspace       used 56221K, capacity 62938K, committed 63232K, reserved 1103872K
  class space    used 6818K, capacity 8884K, committed 8960K, reserved 1048576K
}
Event: 13.847 GC heap before
{Heap before GC invocations=22 (full 3):
 PSYoungGen      total 159232K, used 147929K [0x00000000f5580000, 0x00000000fff80000, 0x0000000100000000)
  eden space 144896K, 100% used [0x00000000f5580000,0x00000000fe300000,0x00000000fe300000)
  from space 14336K, 21% used [0x00000000ff100000,0x00000000ff3f6430,0x00000000fff00000)
  to   space 14336K, 0% used [0x00000000fe300000,0x00000000fe300000,0x00000000ff100000)
 ParOldGen       total 144384K, used 65010K [0x00000000e0000000, 0x00000000e8d00000, 0x00000000f5580000)
  object space 144384K, 45% used [0x00000000e0000000,0x00000000e3f7c860,0x00000000e8d00000)
 Metaspace       used 58496K, capacity 65598K, committed 65792K, reserved 1105920K
  class space    used 7050K, capacity 9169K, committed 9216K, reserved 1048576K
Event: 13.859 GC heap after
Heap after GC invocations=22 (full 3):
 PSYoungGen      total 159232K, used 6217K [0x00000000f5580000, 0x00000000ffe00000, 0x0000000100000000)
  eden space 144896K, 0% used [0x00000000f5580000,0x00000000f5580000,0x00000000fe300000)
  from space 14336K, 43% used [0x00000000fe300000,0x00000000fe912570,0x00000000ff100000)
  to   space 13312K, 0% used [0x00000000ff100000,0x00000000ff100000,0x00000000ffe00000)
 ParOldGen       total 144384K, used 66654K [0x00000000e0000000, 0x00000000e8d00000, 0x00000000f5580000)
  object space 144384K, 46% used [0x00000000e0000000,0x00000000e4117870,0x00000000e8d00000)
 Metaspace       used 58496K, capacity 65598K, committed 65792K, reserved 1105920K
  class space    used 7050K, capacity 9169K, committed 9216K, reserved 1048576K
}
Event: 14.517 GC heap before
{Heap before GC invocations=23 (full 3):
 PSYoungGen      total 159232K, used 151113K [0x00000000f5580000, 0x00000000ffe00000, 0x0000000100000000)
  eden space 144896K, 100% used [0x00000000f5580000,0x00000000fe300000,0x00000000fe300000)
  from space 14336K, 43% used [0x00000000fe300000,0x00000000fe912570,0x00000000ff100000)
  to   space 13312K, 0% used [0x00000000ff100000,0x00000000ff100000,0x00000000ffe00000)
 ParOldGen       total 144384K, used 66654K [0x00000000e0000000, 0x00000000e8d00000, 0x00000000f5580000)
  object space 144384K, 46% used [0x00000000e0000000,0x00000000e4117870,0x00000000e8d00000)
 Metaspace       used 59087K, capacity 66530K, committed 66688K, reserved 1105920K
  class space    used 7081K, capacity 9255K, committed 9344K, reserved 1048576K
Event: 14.525 GC heap after
Heap after GC invocations=23 (full 3):
 PSYoungGen      total 159744K, used 3872K [0x00000000f5580000, 0x00000000ffe00000, 0x0000000100000000)
  eden space 146432K, 0% used [0x00000000f5580000,0x00000000f5580000,0x00000000fe480000)
  from space 13312K, 29% used [0x00000000ff100000,0x00000000ff4c8000,0x00000000ffe00000)
  to   space 12800K, 0% used [0x00000000fe480000,0x00000000fe480000,0x00000000ff100000)
 ParOldGen       total 144384K, used 70338K [0x00000000e0000000, 0x00000000e8d00000, 0x00000000f5580000)
  object space 144384K, 48% used [0x00000000e0000000,0x00000000e44b0a38,0x00000000e8d00000)
 Metaspace       used 59087K, capacity 66530K, committed 66688K, reserved 1105920K
  class space    used 7081K, capacity 9255K, committed 9344K, reserved 1048576K
}
Event: 15.071 GC heap before
{Heap before GC invocations=24 (full 3):
 PSYoungGen      total 159744K, used 150304K [0x00000000f5580000, 0x00000000ffe00000, 0x0000000100000000)
  eden space 146432K, 100% used [0x00000000f5580000,0x00000000fe480000,0x00000000fe480000)
  from space 13312K, 29% used [0x00000000ff100000,0x00000000ff4c8000,0x00000000ffe00000)
  to   space 12800K, 0% used [0x00000000fe480000,0x00000000fe480000,0x00000000ff100000)
 ParOldGen       total 144384K, used 70338K [0x00000000e0000000, 0x00000000e8d00000, 0x00000000f5580000)
  object space 144384K, 48% used [0x00000000e0000000,0x00000000e44b0a38,0x00000000e8d00000)
 Metaspace       used 59234K, capacity 66772K, committed 66944K, reserved 1107968K
  class space    used 7090K, capacity 9268K, committed 9344K, reserved 1048576K
Event: 15.078 GC heap after
Heap after GC invocations=24 (full 3):
 PSYoungGen      total 159232K, used 3872K [0x00000000f5580000, 0x00000000fff80000, 0x0000000100000000)
  eden space 146432K, 0% used [0x00000000f5580000,0x00000000f5580000,0x00000000fe480000)
  from space 12800K, 30% used [0x00000000fe480000,0x00000000fe848000,0x00000000ff100000)
  to   space 12800K, 0% used [0x00000000ff300000,0x00000000ff300000,0x00000000fff80000)
 ParOldGen       total 144384K, used 74122K [0x00000000e0000000, 0x00000000e8d00000, 0x00000000f5580000)
  object space 144384K, 51% used [0x00000000e0000000,0x00000000e4862bf0,0x00000000e8d00000)
 Metaspace       used 59234K, capacity 66772K, committed 66944K, reserved 1107968K
  class space    used 7090K, capacity 9268K, committed 9344K, reserved 1048576K
}

