# JRE version: Java(TM) SE Runtime Environment (8.0_60-b27) (build 1.8.0_60-b27)
# Java VM: Java HotSpot(TM) 64-Bit Server VM (25.60-b23 mixed mode windows-amd64 compressed oops)
Heap:
 PSYoungGen      total 161792K, used 157834K [0x00000000f5580000, 0x0000000100000000, 0x0000000100000000)
  eden space 148992K, 97% used [0x00000000f5580000,0x00000000fe324f28,0x00000000fe700000)
  from space 12800K, 99% used [0x00000000fe700000,0x00000000ff37dc08,0x00000000ff380000)
  to   space 12800K, 0% used [0x00000000ff380000,0x00000000ff380000,0x0000000100000000)
 ParOldGen       total 143872K, used 61365K [0x00000000e0000000, 0x00000000e8c80000, 0x00000000f5580000)
  object space 143872K, 42% used [0x00000000e0000000,0x00000000e3bed468,0x00000000e8c80000)
 Metaspace       used 59338K, capacity 66978K, committed 67200K, reserved 1107968K
  class space    used 7240K, capacity 9502K, committed 9600K, reserved 1048576K
GC Heap History (10 events):
Event: 26.522 GC heap before
{Heap before GC invocations=18 (full 3):
 PSYoungGen      total 160768K, used 147456K [0x00000000f5580000, 0x00000000fff80000, 0x0000000100000000)
  eden space 147456K, 100% used [0x00000000f5580000,0x00000000fe580000,0x00000000fe580000)
  from space 13312K, 0% used [0x00000000ff280000,0x00000000ff280000,0x00000000fff80000)
  to   space 13312K, 0% used [0x00000000fe580000,0x00000000fe580000,0x00000000ff280000)
 ParOldGen       total 143872K, used 60980K [0x00000000e0000000, 0x00000000e8c80000, 0x00000000f5580000)
  object space 143872K, 42% used [0x00000000e0000000,0x00000000e3b8d308,0x00000000e8c80000)
 Metaspace       used 49500K, capacity 55426K, committed 55552K, reserved 1097728K
  class space    used 6101K, capacity 7916K, committed 7936K, reserved 1048576K
Event: 26.529 GC heap after
Heap after GC invocations=18 (full 3):
 PSYoungGen      total 160768K, used 4409K [0x00000000f5580000, 0x00000000fff00000, 0x0000000100000000)
  eden space 147456K, 0% used [0x00000000f5580000,0x00000000f5580000,0x00000000fe580000)
  from space 13312K, 33% used [0x00000000fe580000,0x00000000fe9ce610,0x00000000ff280000)
  to   space 12800K, 0% used [0x00000000ff280000,0x00000000ff280000,0x00000000fff00000)
 ParOldGen       total 143872K, used 60988K [0x00000000e0000000, 0x00000000e8c80000, 0x00000000f5580000)
  object space 143872K, 42% used [0x00000000e0000000,0x00000000e3b8f308,0x00000000e8c80000)
 Metaspace       used 49500K, capacity 55426K, committed 55552K, reserved 1097728K
  class space    used 6101K, capacity 7916K, committed 7936K, reserved 1048576K
}
Event: 28.721 GC heap before
{Heap before GC invocations=19 (full 3):
 PSYoungGen      total 160768K, used 151865K [0x00000000f5580000, 0x00000000fff00000, 0x0000000100000000)
  eden space 147456K, 100% used [0x00000000f5580000,0x00000000fe580000,0x00000000fe580000)
  from space 13312K, 33% used [0x00000000fe580000,0x00000000fe9ce610,0x00000000ff280000)
  to   space 12800K, 0% used [0x00000000ff280000,0x00000000ff280000,0x00000000fff00000)
 ParOldGen       total 143872K, used 60988K [0x00000000e0000000, 0x00000000e8c80000, 0x00000000f5580000)
  object space 143872K, 42% used [0x00000000e0000000,0x00000000e3b8f308,0x00000000e8c80000)
 Metaspace       used 53461K, capacity 59898K, committed 60032K, reserved 1101824K
  class space    used 6541K, capacity 8554K, committed 8576K, reserved 1048576K
Event: 28.732 GC heap after
Heap after GC invocations=19 (full 3):
 PSYoungGen      total 160768K, used 7918K [0x00000000f5580000, 0x00000000fff80000, 0x0000000100000000)
  eden space 147968K, 0% used [0x00000000f5580000,0x00000000f5580000,0x00000000fe600000)
  from space 12800K, 61% used [0x00000000ff280000,0x00000000ffa3b8e8,0x00000000fff00000)
  to   space 12800K, 0% used [0x00000000fe600000,0x00000000fe600000,0x00000000ff280000)
 ParOldGen       total 143872K, used 60996K [0x00000000e0000000, 0x00000000e8c80000, 0x00000000f5580000)
  object space 143872K, 42% used [0x00000000e0000000,0x00000000e3b91308,0x00000000e8c80000)
 Metaspace       used 53461K, capacity 59898K, committed 60032K, reserved 1101824K
  class space    used 6541K, capacity 8554K, committed 8576K, reserved 1048576K
}
Event: 30.667 GC heap before
{Heap before GC invocations=20 (full 3):
 PSYoungGen      total 160768K, used 155886K [0x00000000f5580000, 0x00000000fff80000, 0x0000000100000000)
  eden space 147968K, 100% used [0x00000000f5580000,0x00000000fe600000,0x00000000fe600000)
  from space 12800K, 61% used [0x00000000ff280000,0x00000000ffa3b8e8,0x00000000fff00000)
  to   space 12800K, 0% used [0x00000000fe600000,0x00000000fe600000,0x00000000ff280000)
 ParOldGen       total 143872K, used 60996K [0x00000000e0000000, 0x00000000e8c80000, 0x00000000f5580000)
  object space 143872K, 42% used [0x00000000e0000000,0x00000000e3b91308,0x00000000e8c80000)
 Metaspace       used 56216K, capacity 62972K, committed 63232K, reserved 1103872K
  class space    used 6811K, capacity 8885K, committed 8960K, reserved 1048576K
Event: 30.679 GC heap after
Heap after GC invocations=20 (full 3):
 PSYoungGen      total 160768K, used 8573K [0x00000000f5580000, 0x0000000100000000, 0x0000000100000000)
  eden space 147968K, 0% used [0x00000000f5580000,0x00000000f5580000,0x00000000fe600000)
  from space 12800K, 66% used [0x00000000fe600000,0x00000000fee5f7e0,0x00000000ff280000)
  to   space 12800K, 0% used [0x00000000ff380000,0x00000000ff380000,0x0000000100000000)
 ParOldGen       total 143872K, used 60996K [0x00000000e0000000, 0x00000000e8c80000, 0x00000000f5580000)
  object space 143872K, 42% used [0x00000000e0000000,0x00000000e3b91308,0x00000000e8c80000)
 Metaspace       used 56216K, capacity 62972K, committed 63232K, reserved 1103872K
  class space    used 6811K, capacity 8885K, committed 8960K, reserved 1048576K
}
Event: 31.760 GC heap before
{Heap before GC invocations=21 (full 3):
 PSYoungGen      total 160768K, used 156541K [0x00000000f5580000, 0x0000000100000000, 0x0000000100000000)
  eden space 147968K, 100% used [0x00000000f5580000,0x00000000fe600000,0x00000000fe600000)
  from space 12800K, 66% used [0x00000000fe600000,0x00000000fee5f7e0,0x00000000ff280000)
  to   space 12800K, 0% used [0x00000000ff380000,0x00000000ff380000,0x0000000100000000)
 ParOldGen       total 143872K, used 60996K [0x00000000e0000000, 0x00000000e8c80000, 0x00000000f5580000)
  object space 143872K, 42% used [0x00000000e0000000,0x00000000e3b91308,0x00000000e8c80000)
 Metaspace       used 56815K, capacity 63876K, committed 64128K, reserved 1103872K
  class space    used 6912K, capacity 9033K, committed 9088K, reserved 1048576K
Event: 31.778 GC heap after
Heap after GC invocations=21 (full 3):
 PSYoungGen      total 161792K, used 8508K [0x00000000f5580000, 0x0000000100000000, 0x0000000100000000)
  eden space 148992K, 0% used [0x00000000f5580000,0x00000000f5580000,0x00000000fe700000)
  from space 12800K, 66% used [0x00000000ff380000,0x00000000ffbcf0d8,0x0000000100000000)
  to   space 12800K, 0% used [0x00000000fe700000,0x00000000fe700000,0x00000000ff380000)
 ParOldGen       total 143872K, used 61004K [0x00000000e0000000, 0x00000000e8c80000, 0x00000000f5580000)
  object space 143872K, 42% used [0x00000000e0000000,0x00000000e3b93308,0x00000000e8c80000)
 Metaspace       used 56815K, capacity 63876K, committed 64128K, reserved 1103872K
  class space    used 6912K, capacity 9033K, committed 9088K, reserved 1048576K
}
Event: 35.905 GC heap before
{Heap before GC invocations=22 (full 3):
 PSYoungGen      total 161792K, used 157500K [0x00000000f5580000, 0x0000000100000000, 0x0000000100000000)
  eden space 148992K, 100% used [0x00000000f5580000,0x00000000fe700000,0x00000000fe700000)
  from space 12800K, 66% used [0x00000000ff380000,0x00000000ffbcf0d8,0x0000000100000000)
  to   space 12800K, 0% used [0x00000000fe700000,0x00000000fe700000,0x00000000ff380000)
 ParOldGen       total 143872K, used 61004K [0x00000000e0000000, 0x00000000e8c80000, 0x00000000f5580000)
  object space 143872K, 42% used [0x00000000e0000000,0x00000000e3b93308,0x00000000e8c80000)
 Metaspace       used 59237K, capacity 66804K, committed 66944K, reserved 1105920K
  class space    used 7234K, capacity 9491K, committed 9600K, reserved 1048576K
Event: 35.921 GC heap after
Heap after GC invocations=22 (full 3):
 PSYoungGen      total 161792K, used 12791K [0x00000000f5580000, 0x0000000100000000, 0x0000000100000000)
  eden space 148992K, 0% used [0x00000000f5580000,0x00000000f5580000,0x00000000fe700000)
  from space 12800K, 99% used [0x00000000fe700000,0x00000000ff37dc08,0x00000000ff380000)
  to   space 12800K, 0% used [0x00000000ff380000,0x00000000ff380000,0x0000000100000000)
 ParOldGen       total 143872K, used 61365K [0x00000000e0000000, 0x00000000e8c80000, 0x00000000f5580000)
  object space 143872K, 42% used [0x00000000e0000000,0x00000000e3bed468,0x00000000e8c80000)
 Metaspace       used 59237K, capacity 66804K, committed 66944K, reserved 1105920K
  class space    used 7234K, capacity 9491K, committed 9600K, reserved 1048576K
}

